2014-10-26 19:35:27,228 - Log4JLogChute initialized using file 'velocity.log'
2014-10-26 19:35:27,228 - Velocity was not initialized! Calling init()...
2014-10-26 19:35:27,228 - Starting Apache Velocity v1.5 (compiled: 2007-02-22 08:52:29)
2014-10-26 19:35:27,228 - Default Properties File: org/apache/velocity/runtime/defaults/velocity.properties
2014-10-26 19:35:27,228 - Trying to use logger class org.apache.velocity.runtime.log.AvalonLogChute
2014-10-26 19:35:27,228 - Couldn't find class org.apache.velocity.runtime.log.AvalonLogChute or necessary supporting classes in classpath.
java.lang.NoClassDefFoundError: org/apache/log/format/Formatter
	at java.lang.Class.forName0(Native Method)
	at java.lang.Class.forName(Class.java:249)
	at org.apache.velocity.util.ClassUtils.getClass(ClassUtils.java:63)
	at org.apache.velocity.util.ClassUtils.getNewInstance(ClassUtils.java:95)
	at org.apache.velocity.runtime.log.LogManager.createLogChute(LogManager.java:147)
	at org.apache.velocity.runtime.log.LogManager.updateLog(LogManager.java:208)
	at org.apache.velocity.runtime.RuntimeInstance.initializeLog(RuntimeInstance.java:728)
	at org.apache.velocity.runtime.RuntimeInstance.init(RuntimeInstance.java:240)
	at org.apache.velocity.runtime.RuntimeInstance.parse(RuntimeInstance.java:993)
	at org.apache.velocity.runtime.RuntimeInstance.parse(RuntimeInstance.java:972)
	at org.apache.velocity.runtime.RuntimeSingleton.parse(RuntimeSingleton.java:265)
	at org.apache.velocity.app.Velocity.evaluate(Velocity.java:274)
	at org.sonatype.mavenbook.weather.WeatherFormatter.format(WeatherFormatter.java:23)
	at org.sonatype.mavenbook.weather.Main.start(Main.java:38)
	at org.sonatype.mavenbook.weather.Main.main(Main.java:21)
	at sun.reflect.NativeMethodAccessorImpl.invoke0(Native Method)
	at sun.reflect.NativeMethodAccessorImpl.invoke(NativeMethodAccessorImpl.java:39)
	at sun.reflect.DelegatingMethodAccessorImpl.invoke(DelegatingMethodAccessorImpl.java:25)
	at java.lang.reflect.Method.invoke(Method.java:597)
	at org.codehaus.mojo.exec.ExecJavaMojo$1.run(ExecJavaMojo.java:293)
	at java.lang.Thread.run(Thread.java:695)
Caused by: java.lang.ClassNotFoundException: org.apache.log.format.Formatter
	at java.net.URLClassLoader$1.run(URLClassLoader.java:202)
	at java.security.AccessController.doPrivileged(Native Method)
	at java.net.URLClassLoader.findClass(URLClassLoader.java:190)
	at java.lang.ClassLoader.loadClass(ClassLoader.java:306)
	at java.lang.ClassLoader.loadClass(ClassLoader.java:247)
	... 21 more
2014-10-26 19:35:27,229 - Trying to use logger class org.apache.velocity.runtime.log.Log4JLogChute
2014-10-26 19:35:27,229 - Using logger class org.apache.velocity.runtime.log.Log4JLogChute
2014-10-26 19:35:27,230 - Default ResourceManager initializing. (class org.apache.velocity.runtime.resource.ResourceManagerImpl)
2014-10-26 19:35:27,232 - ResourceLoader instantiated: org.apache.velocity.runtime.resource.loader.FileResourceLoader
2014-10-26 19:35:27,232 - Do unicode file recognition:  false
2014-10-26 19:35:27,232 - FileResourceLoader : adding path '.'
2014-10-26 19:35:27,238 - ResourceCache: initialized (class org.apache.velocity.runtime.resource.ResourceCacheImpl)
2014-10-26 19:35:27,239 - Loaded System Directive: org.apache.velocity.runtime.directive.Literal
2014-10-26 19:35:27,239 - Loaded System Directive: org.apache.velocity.runtime.directive.Macro
2014-10-26 19:35:27,240 - Loaded System Directive: org.apache.velocity.runtime.directive.Parse
2014-10-26 19:35:27,241 - Loaded System Directive: org.apache.velocity.runtime.directive.Include
2014-10-26 19:35:27,241 - Loaded System Directive: org.apache.velocity.runtime.directive.Foreach
2014-10-26 19:35:27,281 - Created '20' parsers.
2014-10-26 19:35:27,287 - Velocimacro : "velocimacro.library" is not set.  Trying default library: VM_global_library.vm
2014-10-26 19:35:27,287 - Velocimacro : Default library not found.
2014-10-26 19:35:27,287 - Velocimacro : allowInline = true : VMs can be defined inline in templates
2014-10-26 19:35:27,287 - Velocimacro : allowInlineToOverride = false : VMs defined inline may NOT replace previous VM definitions
2014-10-26 19:35:27,287 - Velocimacro : allowInlineLocal = false : VMs defined inline will be global in scope if allowed.
2014-10-26 19:35:27,287 - Velocimacro : autoload off : VM system will not automatically reload global library macros
2014-10-26 19:35:38,680 - Log4JLogChute initialized using file 'velocity.log'
2014-10-26 19:35:38,680 - Velocity was not initialized! Calling init()...
2014-10-26 19:35:38,680 - Starting Apache Velocity v1.5 (compiled: 2007-02-22 08:52:29)
2014-10-26 19:35:38,680 - Default Properties File: org/apache/velocity/runtime/defaults/velocity.properties
2014-10-26 19:35:38,681 - Trying to use logger class org.apache.velocity.runtime.log.AvalonLogChute
2014-10-26 19:35:38,682 - Couldn't find class org.apache.velocity.runtime.log.AvalonLogChute or necessary supporting classes in classpath.
java.lang.NoClassDefFoundError: org/apache/log/format/Formatter
	at java.lang.Class.forName0(Native Method)
	at java.lang.Class.forName(Class.java:249)
	at org.apache.velocity.util.ClassUtils.getClass(ClassUtils.java:63)
	at org.apache.velocity.util.ClassUtils.getNewInstance(ClassUtils.java:95)
	at org.apache.velocity.runtime.log.LogManager.createLogChute(LogManager.java:147)
	at org.apache.velocity.runtime.log.LogManager.updateLog(LogManager.java:208)
	at org.apache.velocity.runtime.RuntimeInstance.initializeLog(RuntimeInstance.java:728)
	at org.apache.velocity.runtime.RuntimeInstance.init(RuntimeInstance.java:240)
	at org.apache.velocity.runtime.RuntimeInstance.parse(RuntimeInstance.java:993)
	at org.apache.velocity.runtime.RuntimeInstance.parse(RuntimeInstance.java:972)
	at org.apache.velocity.runtime.RuntimeSingleton.parse(RuntimeSingleton.java:265)
	at org.apache.velocity.app.Velocity.evaluate(Velocity.java:274)
	at org.sonatype.mavenbook.weather.WeatherFormatter.format(WeatherFormatter.java:23)
	at org.sonatype.mavenbook.weather.Main.start(Main.java:38)
	at org.sonatype.mavenbook.weather.Main.main(Main.java:21)
	at sun.reflect.NativeMethodAccessorImpl.invoke0(Native Method)
	at sun.reflect.NativeMethodAccessorImpl.invoke(NativeMethodAccessorImpl.java:39)
	at sun.reflect.DelegatingMethodAccessorImpl.invoke(DelegatingMethodAccessorImpl.java:25)
	at java.lang.reflect.Method.invoke(Method.java:597)
	at org.codehaus.mojo.exec.ExecJavaMojo$1.run(ExecJavaMojo.java:293)
	at java.lang.Thread.run(Thread.java:695)
Caused by: java.lang.ClassNotFoundException: org.apache.log.format.Formatter
	at java.net.URLClassLoader$1.run(URLClassLoader.java:202)
	at java.security.AccessController.doPrivileged(Native Method)
	at java.net.URLClassLoader.findClass(URLClassLoader.java:190)
	at java.lang.ClassLoader.loadClass(ClassLoader.java:306)
	at java.lang.ClassLoader.loadClass(ClassLoader.java:247)
	... 21 more
2014-10-26 19:35:38,683 - Trying to use logger class org.apache.velocity.runtime.log.Log4JLogChute
2014-10-26 19:35:38,683 - Using logger class org.apache.velocity.runtime.log.Log4JLogChute
2014-10-26 19:35:38,685 - Default ResourceManager initializing. (class org.apache.velocity.runtime.resource.ResourceManagerImpl)
2014-10-26 19:35:38,687 - ResourceLoader instantiated: org.apache.velocity.runtime.resource.loader.FileResourceLoader
2014-10-26 19:35:38,688 - Do unicode file recognition:  false
2014-10-26 19:35:38,688 - FileResourceLoader : adding path '.'
2014-10-26 19:35:38,700 - ResourceCache: initialized (class org.apache.velocity.runtime.resource.ResourceCacheImpl)
2014-10-26 19:35:38,701 - Loaded System Directive: org.apache.velocity.runtime.directive.Literal
2014-10-26 19:35:38,702 - Loaded System Directive: org.apache.velocity.runtime.directive.Macro
2014-10-26 19:35:38,702 - Loaded System Directive: org.apache.velocity.runtime.directive.Parse
2014-10-26 19:35:38,703 - Loaded System Directive: org.apache.velocity.runtime.directive.Include
2014-10-26 19:35:38,704 - Loaded System Directive: org.apache.velocity.runtime.directive.Foreach
2014-10-26 19:35:38,719 - Created '20' parsers.
2014-10-26 19:35:38,722 - Velocimacro : "velocimacro.library" is not set.  Trying default library: VM_global_library.vm
2014-10-26 19:35:38,722 - Velocimacro : Default library not found.
2014-10-26 19:35:38,722 - Velocimacro : allowInline = true : VMs can be defined inline in templates
2014-10-26 19:35:38,722 - Velocimacro : allowInlineToOverride = false : VMs defined inline may NOT replace previous VM definitions
2014-10-26 19:35:38,722 - Velocimacro : allowInlineLocal = false : VMs defined inline will be global in scope if allowed.
2014-10-26 19:35:38,722 - Velocimacro : autoload off : VM system will not automatically reload global library macros
2014-10-26 19:35:53,085 - Log4JLogChute initialized using file 'velocity.log'
2014-10-26 19:35:53,085 - Velocity was not initialized! Calling init()...
2014-10-26 19:35:53,085 - Starting Apache Velocity v1.5 (compiled: 2007-02-22 08:52:29)
2014-10-26 19:35:53,085 - Default Properties File: org/apache/velocity/runtime/defaults/velocity.properties
2014-10-26 19:35:53,085 - Trying to use logger class org.apache.velocity.runtime.log.AvalonLogChute
2014-10-26 19:35:53,086 - Couldn't find class org.apache.velocity.runtime.log.AvalonLogChute or necessary supporting classes in classpath.
java.lang.NoClassDefFoundError: org/apache/log/format/Formatter
	at java.lang.Class.forName0(Native Method)
	at java.lang.Class.forName(Class.java:249)
	at org.apache.velocity.util.ClassUtils.getClass(ClassUtils.java:63)
	at org.apache.velocity.util.ClassUtils.getNewInstance(ClassUtils.java:95)
	at org.apache.velocity.runtime.log.LogManager.createLogChute(LogManager.java:147)
	at org.apache.velocity.runtime.log.LogManager.updateLog(LogManager.java:208)
	at org.apache.velocity.runtime.RuntimeInstance.initializeLog(RuntimeInstance.java:728)
	at org.apache.velocity.runtime.RuntimeInstance.init(RuntimeInstance.java:240)
	at org.apache.velocity.runtime.RuntimeInstance.parse(RuntimeInstance.java:993)
	at org.apache.velocity.runtime.RuntimeInstance.parse(RuntimeInstance.java:972)
	at org.apache.velocity.runtime.RuntimeSingleton.parse(RuntimeSingleton.java:265)
	at org.apache.velocity.app.Velocity.evaluate(Velocity.java:274)
	at org.sonatype.mavenbook.weather.WeatherFormatter.format(WeatherFormatter.java:23)
	at org.sonatype.mavenbook.weather.Main.start(Main.java:38)
	at org.sonatype.mavenbook.weather.Main.main(Main.java:21)
	at sun.reflect.NativeMethodAccessorImpl.invoke0(Native Method)
	at sun.reflect.NativeMethodAccessorImpl.invoke(NativeMethodAccessorImpl.java:39)
	at sun.reflect.DelegatingMethodAccessorImpl.invoke(DelegatingMethodAccessorImpl.java:25)
	at java.lang.reflect.Method.invoke(Method.java:597)
	at org.codehaus.mojo.exec.ExecJavaMojo$1.run(ExecJavaMojo.java:293)
	at java.lang.Thread.run(Thread.java:695)
Caused by: java.lang.ClassNotFoundException: org.apache.log.format.Formatter
	at java.net.URLClassLoader$1.run(URLClassLoader.java:202)
	at java.security.AccessController.doPrivileged(Native Method)
	at java.net.URLClassLoader.findClass(URLClassLoader.java:190)
	at java.lang.ClassLoader.loadClass(ClassLoader.java:306)
	at java.lang.ClassLoader.loadClass(ClassLoader.java:247)
	... 21 more
2014-10-26 19:35:53,087 - Trying to use logger class org.apache.velocity.runtime.log.Log4JLogChute
2014-10-26 19:35:53,087 - Using logger class org.apache.velocity.runtime.log.Log4JLogChute
2014-10-26 19:35:53,088 - Default ResourceManager initializing. (class org.apache.velocity.runtime.resource.ResourceManagerImpl)
2014-10-26 19:35:53,090 - ResourceLoader instantiated: org.apache.velocity.runtime.resource.loader.FileResourceLoader
2014-10-26 19:35:53,091 - Do unicode file recognition:  false
2014-10-26 19:35:53,091 - FileResourceLoader : adding path '.'
2014-10-26 19:35:53,103 - ResourceCache: initialized (class org.apache.velocity.runtime.resource.ResourceCacheImpl)
2014-10-26 19:35:53,104 - Loaded System Directive: org.apache.velocity.runtime.directive.Literal
2014-10-26 19:35:53,105 - Loaded System Directive: org.apache.velocity.runtime.directive.Macro
2014-10-26 19:35:53,105 - Loaded System Directive: org.apache.velocity.runtime.directive.Parse
2014-10-26 19:35:53,106 - Loaded System Directive: org.apache.velocity.runtime.directive.Include
2014-10-26 19:35:53,107 - Loaded System Directive: org.apache.velocity.runtime.directive.Foreach
2014-10-26 19:35:53,122 - Created '20' parsers.
2014-10-26 19:35:53,125 - Velocimacro : "velocimacro.library" is not set.  Trying default library: VM_global_library.vm
2014-10-26 19:35:53,125 - Velocimacro : Default library not found.
2014-10-26 19:35:53,125 - Velocimacro : allowInline = true : VMs can be defined inline in templates
2014-10-26 19:35:53,125 - Velocimacro : allowInlineToOverride = false : VMs defined inline may NOT replace previous VM definitions
2014-10-26 19:35:53,125 - Velocimacro : allowInlineLocal = false : VMs defined inline will be global in scope if allowed.
2014-10-26 19:35:53,125 - Velocimacro : autoload off : VM system will not automatically reload global library macros
2014-10-26 19:36:37,500 - Log4JLogChute initialized using file 'velocity.log'
2014-10-26 19:36:37,500 - Velocity was not initialized! Calling init()...
2014-10-26 19:36:37,500 - Starting Apache Velocity v1.5 (compiled: 2007-02-22 08:52:29)
2014-10-26 19:36:37,500 - Default Properties File: org/apache/velocity/runtime/defaults/velocity.properties
2014-10-26 19:36:37,500 - Trying to use logger class org.apache.velocity.runtime.log.AvalonLogChute
2014-10-26 19:36:37,501 - Couldn't find class org.apache.velocity.runtime.log.AvalonLogChute or necessary supporting classes in classpath.
java.lang.NoClassDefFoundError: org/apache/log/format/Formatter
	at java.lang.Class.forName0(Native Method)
	at java.lang.Class.forName(Class.java:249)
	at org.apache.velocity.util.ClassUtils.getClass(ClassUtils.java:63)
	at org.apache.velocity.util.ClassUtils.getNewInstance(ClassUtils.java:95)
	at org.apache.velocity.runtime.log.LogManager.createLogChute(LogManager.java:147)
	at org.apache.velocity.runtime.log.LogManager.updateLog(LogManager.java:208)
	at org.apache.velocity.runtime.RuntimeInstance.initializeLog(RuntimeInstance.java:728)
	at org.apache.velocity.runtime.RuntimeInstance.init(RuntimeInstance.java:240)
	at org.apache.velocity.runtime.RuntimeInstance.parse(RuntimeInstance.java:993)
	at org.apache.velocity.runtime.RuntimeInstance.parse(RuntimeInstance.java:972)
	at org.apache.velocity.runtime.RuntimeSingleton.parse(RuntimeSingleton.java:265)
	at org.apache.velocity.app.Velocity.evaluate(Velocity.java:274)
	at org.sonatype.mavenbook.weather.WeatherFormatter.format(WeatherFormatter.java:23)
	at org.sonatype.mavenbook.weather.Main.start(Main.java:38)
	at org.sonatype.mavenbook.weather.Main.main(Main.java:21)
	at sun.reflect.NativeMethodAccessorImpl.invoke0(Native Method)
	at sun.reflect.NativeMethodAccessorImpl.invoke(NativeMethodAccessorImpl.java:39)
	at sun.reflect.DelegatingMethodAccessorImpl.invoke(DelegatingMethodAccessorImpl.java:25)
	at java.lang.reflect.Method.invoke(Method.java:597)
	at org.codehaus.mojo.exec.ExecJavaMojo$1.run(ExecJavaMojo.java:293)
	at java.lang.Thread.run(Thread.java:695)
Caused by: java.lang.ClassNotFoundException: org.apache.log.format.Formatter
	at java.net.URLClassLoader$1.run(URLClassLoader.java:202)
	at java.security.AccessController.doPrivileged(Native Method)
	at java.net.URLClassLoader.findClass(URLClassLoader.java:190)
	at java.lang.ClassLoader.loadClass(ClassLoader.java:306)
	at java.lang.ClassLoader.loadClass(ClassLoader.java:247)
	... 21 more
2014-10-26 19:36:37,503 - Trying to use logger class org.apache.velocity.runtime.log.Log4JLogChute
2014-10-26 19:36:37,503 - Using logger class org.apache.velocity.runtime.log.Log4JLogChute
2014-10-26 19:36:37,505 - Default ResourceManager initializing. (class org.apache.velocity.runtime.resource.ResourceManagerImpl)
2014-10-26 19:36:37,513 - ResourceLoader instantiated: org.apache.velocity.runtime.resource.loader.FileResourceLoader
2014-10-26 19:36:37,514 - Do unicode file recognition:  false
2014-10-26 19:36:37,514 - FileResourceLoader : adding path '.'
2014-10-26 19:36:37,535 - ResourceCache: initialized (class org.apache.velocity.runtime.resource.ResourceCacheImpl)
2014-10-26 19:36:37,536 - Loaded System Directive: org.apache.velocity.runtime.directive.Literal
2014-10-26 19:36:37,538 - Loaded System Directive: org.apache.velocity.runtime.directive.Macro
2014-10-26 19:36:37,539 - Loaded System Directive: org.apache.velocity.runtime.directive.Parse
2014-10-26 19:36:37,540 - Loaded System Directive: org.apache.velocity.runtime.directive.Include
2014-10-26 19:36:37,541 - Loaded System Directive: org.apache.velocity.runtime.directive.Foreach
2014-10-26 19:36:37,569 - Created '20' parsers.
2014-10-26 19:36:37,576 - Velocimacro : "velocimacro.library" is not set.  Trying default library: VM_global_library.vm
2014-10-26 19:36:37,577 - Velocimacro : Default library not found.
2014-10-26 19:36:37,577 - Velocimacro : allowInline = true : VMs can be defined inline in templates
2014-10-26 19:36:37,577 - Velocimacro : allowInlineToOverride = false : VMs defined inline may NOT replace previous VM definitions
2014-10-26 19:36:37,577 - Velocimacro : allowInlineLocal = false : VMs defined inline will be global in scope if allowed.
2014-10-26 19:36:37,577 - Velocimacro : autoload off : VM system will not automatically reload global library macros
2014-10-26 19:37:08,751 - Log4JLogChute initialized using file 'velocity.log'
2014-10-26 19:37:08,752 - Velocity was not initialized! Calling init()...
2014-10-26 19:37:08,752 - Starting Apache Velocity v1.5 (compiled: 2007-02-22 08:52:29)
2014-10-26 19:37:08,752 - Default Properties File: org/apache/velocity/runtime/defaults/velocity.properties
2014-10-26 19:37:08,752 - Trying to use logger class org.apache.velocity.runtime.log.AvalonLogChute
2014-10-26 19:37:08,752 - Couldn't find class org.apache.velocity.runtime.log.AvalonLogChute or necessary supporting classes in classpath.
java.lang.NoClassDefFoundError: org/apache/log/format/Formatter
	at java.lang.Class.forName0(Native Method)
	at java.lang.Class.forName(Class.java:249)
	at org.apache.velocity.util.ClassUtils.getClass(ClassUtils.java:63)
	at org.apache.velocity.util.ClassUtils.getNewInstance(ClassUtils.java:95)
	at org.apache.velocity.runtime.log.LogManager.createLogChute(LogManager.java:147)
	at org.apache.velocity.runtime.log.LogManager.updateLog(LogManager.java:208)
	at org.apache.velocity.runtime.RuntimeInstance.initializeLog(RuntimeInstance.java:728)
	at org.apache.velocity.runtime.RuntimeInstance.init(RuntimeInstance.java:240)
	at org.apache.velocity.runtime.RuntimeInstance.parse(RuntimeInstance.java:993)
	at org.apache.velocity.runtime.RuntimeInstance.parse(RuntimeInstance.java:972)
	at org.apache.velocity.runtime.RuntimeSingleton.parse(RuntimeSingleton.java:265)
	at org.apache.velocity.app.Velocity.evaluate(Velocity.java:274)
	at org.sonatype.mavenbook.weather.WeatherFormatter.format(WeatherFormatter.java:23)
	at org.sonatype.mavenbook.weather.Main.start(Main.java:38)
	at org.sonatype.mavenbook.weather.Main.main(Main.java:21)
	at sun.reflect.NativeMethodAccessorImpl.invoke0(Native Method)
	at sun.reflect.NativeMethodAccessorImpl.invoke(NativeMethodAccessorImpl.java:39)
	at sun.reflect.DelegatingMethodAccessorImpl.invoke(DelegatingMethodAccessorImpl.java:25)
	at java.lang.reflect.Method.invoke(Method.java:597)
	at org.codehaus.mojo.exec.ExecJavaMojo$1.run(ExecJavaMojo.java:293)
	at java.lang.Thread.run(Thread.java:695)
Caused by: java.lang.ClassNotFoundException: org.apache.log.format.Formatter
	at java.net.URLClassLoader$1.run(URLClassLoader.java:202)
	at java.security.AccessController.doPrivileged(Native Method)
	at java.net.URLClassLoader.findClass(URLClassLoader.java:190)
	at java.lang.ClassLoader.loadClass(ClassLoader.java:306)
	at java.lang.ClassLoader.loadClass(ClassLoader.java:247)
	... 21 more
2014-10-26 19:37:08,753 - Trying to use logger class org.apache.velocity.runtime.log.Log4JLogChute
2014-10-26 19:37:08,753 - Using logger class org.apache.velocity.runtime.log.Log4JLogChute
2014-10-26 19:37:08,755 - Default ResourceManager initializing. (class org.apache.velocity.runtime.resource.ResourceManagerImpl)
2014-10-26 19:37:08,757 - ResourceLoader instantiated: org.apache.velocity.runtime.resource.loader.FileResourceLoader
2014-10-26 19:37:08,757 - Do unicode file recognition:  false
2014-10-26 19:37:08,757 - FileResourceLoader : adding path '.'
2014-10-26 19:37:08,776 - ResourceCache: initialized (class org.apache.velocity.runtime.resource.ResourceCacheImpl)
2014-10-26 19:37:08,777 - Loaded System Directive: org.apache.velocity.runtime.directive.Literal
2014-10-26 19:37:08,778 - Loaded System Directive: org.apache.velocity.runtime.directive.Macro
2014-10-26 19:37:08,779 - Loaded System Directive: org.apache.velocity.runtime.directive.Parse
2014-10-26 19:37:08,780 - Loaded System Directive: org.apache.velocity.runtime.directive.Include
2014-10-26 19:37:08,781 - Loaded System Directive: org.apache.velocity.runtime.directive.Foreach
2014-10-26 19:37:08,796 - Created '20' parsers.
2014-10-26 19:37:08,799 - Velocimacro : "velocimacro.library" is not set.  Trying default library: VM_global_library.vm
2014-10-26 19:37:08,799 - Velocimacro : Default library not found.
2014-10-26 19:37:08,799 - Velocimacro : allowInline = true : VMs can be defined inline in templates
2014-10-26 19:37:08,799 - Velocimacro : allowInlineToOverride = false : VMs defined inline may NOT replace previous VM definitions
2014-10-26 19:37:08,799 - Velocimacro : allowInlineLocal = false : VMs defined inline will be global in scope if allowed.
2014-10-26 19:37:08,799 - Velocimacro : autoload off : VM system will not automatically reload global library macros
2014-10-26 19:37:16,250 - Log4JLogChute initialized using file 'velocity.log'
2014-10-26 19:37:16,250 - Velocity was not initialized! Calling init()...
2014-10-26 19:37:16,250 - Starting Apache Velocity v1.5 (compiled: 2007-02-22 08:52:29)
2014-10-26 19:37:16,250 - Default Properties File: org/apache/velocity/runtime/defaults/velocity.properties
2014-10-26 19:37:16,250 - Trying to use logger class org.apache.velocity.runtime.log.AvalonLogChute
2014-10-26 19:37:16,251 - Couldn't find class org.apache.velocity.runtime.log.AvalonLogChute or necessary supporting classes in classpath.
java.lang.NoClassDefFoundError: org/apache/log/format/Formatter
	at java.lang.Class.forName0(Native Method)
	at java.lang.Class.forName(Class.java:249)
	at org.apache.velocity.util.ClassUtils.getClass(ClassUtils.java:63)
	at org.apache.velocity.util.ClassUtils.getNewInstance(ClassUtils.java:95)
	at org.apache.velocity.runtime.log.LogManager.createLogChute(LogManager.java:147)
	at org.apache.velocity.runtime.log.LogManager.updateLog(LogManager.java:208)
	at org.apache.velocity.runtime.RuntimeInstance.initializeLog(RuntimeInstance.java:728)
	at org.apache.velocity.runtime.RuntimeInstance.init(RuntimeInstance.java:240)
	at org.apache.velocity.runtime.RuntimeInstance.parse(RuntimeInstance.java:993)
	at org.apache.velocity.runtime.RuntimeInstance.parse(RuntimeInstance.java:972)
	at org.apache.velocity.runtime.RuntimeSingleton.parse(RuntimeSingleton.java:265)
	at org.apache.velocity.app.Velocity.evaluate(Velocity.java:274)
	at org.sonatype.mavenbook.weather.WeatherFormatter.format(WeatherFormatter.java:23)
	at org.sonatype.mavenbook.weather.Main.start(Main.java:38)
	at org.sonatype.mavenbook.weather.Main.main(Main.java:21)
	at sun.reflect.NativeMethodAccessorImpl.invoke0(Native Method)
	at sun.reflect.NativeMethodAccessorImpl.invoke(NativeMethodAccessorImpl.java:39)
	at sun.reflect.DelegatingMethodAccessorImpl.invoke(DelegatingMethodAccessorImpl.java:25)
	at java.lang.reflect.Method.invoke(Method.java:597)
	at org.codehaus.mojo.exec.ExecJavaMojo$1.run(ExecJavaMojo.java:293)
	at java.lang.Thread.run(Thread.java:695)
Caused by: java.lang.ClassNotFoundException: org.apache.log.format.Formatter
	at java.net.URLClassLoader$1.run(URLClassLoader.java:202)
	at java.security.AccessController.doPrivileged(Native Method)
	at java.net.URLClassLoader.findClass(URLClassLoader.java:190)
	at java.lang.ClassLoader.loadClass(ClassLoader.java:306)
	at java.lang.ClassLoader.loadClass(ClassLoader.java:247)
	... 21 more
2014-10-26 19:37:16,252 - Trying to use logger class org.apache.velocity.runtime.log.Log4JLogChute
2014-10-26 19:37:16,252 - Using logger class org.apache.velocity.runtime.log.Log4JLogChute
2014-10-26 19:37:16,254 - Default ResourceManager initializing. (class org.apache.velocity.runtime.resource.ResourceManagerImpl)
2014-10-26 19:37:16,256 - ResourceLoader instantiated: org.apache.velocity.runtime.resource.loader.FileResourceLoader
2014-10-26 19:37:16,256 - Do unicode file recognition:  false
2014-10-26 19:37:16,256 - FileResourceLoader : adding path '.'
2014-10-26 19:37:16,268 - ResourceCache: initialized (class org.apache.velocity.runtime.resource.ResourceCacheImpl)
2014-10-26 19:37:16,268 - Loaded System Directive: org.apache.velocity.runtime.directive.Literal
2014-10-26 19:37:16,269 - Loaded System Directive: org.apache.velocity.runtime.directive.Macro
2014-10-26 19:37:16,270 - Loaded System Directive: org.apache.velocity.runtime.directive.Parse
2014-10-26 19:37:16,271 - Loaded System Directive: org.apache.velocity.runtime.directive.Include
2014-10-26 19:37:16,271 - Loaded System Directive: org.apache.velocity.runtime.directive.Foreach
2014-10-26 19:37:16,286 - Created '20' parsers.
2014-10-26 19:37:16,290 - Velocimacro : "velocimacro.library" is not set.  Trying default library: VM_global_library.vm
2014-10-26 19:37:16,290 - Velocimacro : Default library not found.
2014-10-26 19:37:16,290 - Velocimacro : allowInline = true : VMs can be defined inline in templates
2014-10-26 19:37:16,290 - Velocimacro : allowInlineToOverride = false : VMs defined inline may NOT replace previous VM definitions
2014-10-26 19:37:16,290 - Velocimacro : allowInlineLocal = false : VMs defined inline will be global in scope if allowed.
2014-10-26 19:37:16,290 - Velocimacro : autoload off : VM system will not automatically reload global library macros
2014-10-26 19:37:32,638 - Log4JLogChute initialized using file 'velocity.log'
2014-10-26 19:37:32,638 - Velocity was not initialized! Calling init()...
2014-10-26 19:37:32,638 - Starting Apache Velocity v1.5 (compiled: 2007-02-22 08:52:29)
2014-10-26 19:37:32,639 - Default Properties File: org/apache/velocity/runtime/defaults/velocity.properties
2014-10-26 19:37:32,639 - Trying to use logger class org.apache.velocity.runtime.log.AvalonLogChute
2014-10-26 19:37:32,639 - Couldn't find class org.apache.velocity.runtime.log.AvalonLogChute or necessary supporting classes in classpath.
java.lang.NoClassDefFoundError: org/apache/log/format/Formatter
	at java.lang.Class.forName0(Native Method)
	at java.lang.Class.forName(Class.java:249)
	at org.apache.velocity.util.ClassUtils.getClass(ClassUtils.java:63)
	at org.apache.velocity.util.ClassUtils.getNewInstance(ClassUtils.java:95)
	at org.apache.velocity.runtime.log.LogManager.createLogChute(LogManager.java:147)
	at org.apache.velocity.runtime.log.LogManager.updateLog(LogManager.java:208)
	at org.apache.velocity.runtime.RuntimeInstance.initializeLog(RuntimeInstance.java:728)
	at org.apache.velocity.runtime.RuntimeInstance.init(RuntimeInstance.java:240)
	at org.apache.velocity.runtime.RuntimeInstance.parse(RuntimeInstance.java:993)
	at org.apache.velocity.runtime.RuntimeInstance.parse(RuntimeInstance.java:972)
	at org.apache.velocity.runtime.RuntimeSingleton.parse(RuntimeSingleton.java:265)
	at org.apache.velocity.app.Velocity.evaluate(Velocity.java:274)
	at org.sonatype.mavenbook.weather.WeatherFormatter.format(WeatherFormatter.java:23)
	at org.sonatype.mavenbook.weather.Main.start(Main.java:38)
	at org.sonatype.mavenbook.weather.Main.main(Main.java:21)
	at sun.reflect.NativeMethodAccessorImpl.invoke0(Native Method)
	at sun.reflect.NativeMethodAccessorImpl.invoke(NativeMethodAccessorImpl.java:39)
	at sun.reflect.DelegatingMethodAccessorImpl.invoke(DelegatingMethodAccessorImpl.java:25)
	at java.lang.reflect.Method.invoke(Method.java:597)
	at org.codehaus.mojo.exec.ExecJavaMojo$1.run(ExecJavaMojo.java:293)
	at java.lang.Thread.run(Thread.java:695)
Caused by: java.lang.ClassNotFoundException: org.apache.log.format.Formatter
	at java.net.URLClassLoader$1.run(URLClassLoader.java:202)
	at java.security.AccessController.doPrivileged(Native Method)
	at java.net.URLClassLoader.findClass(URLClassLoader.java:190)
	at java.lang.ClassLoader.loadClass(ClassLoader.java:306)
	at java.lang.ClassLoader.loadClass(ClassLoader.java:247)
	... 21 more
2014-10-26 19:37:32,640 - Trying to use logger class org.apache.velocity.runtime.log.Log4JLogChute
2014-10-26 19:37:32,640 - Using logger class org.apache.velocity.runtime.log.Log4JLogChute
2014-10-26 19:37:32,642 - Default ResourceManager initializing. (class org.apache.velocity.runtime.resource.ResourceManagerImpl)
2014-10-26 19:37:32,645 - ResourceLoader instantiated: org.apache.velocity.runtime.resource.loader.FileResourceLoader
2014-10-26 19:37:32,646 - Do unicode file recognition:  false
2014-10-26 19:37:32,646 - FileResourceLoader : adding path '.'
2014-10-26 19:37:32,664 - ResourceCache: initialized (class org.apache.velocity.runtime.resource.ResourceCacheImpl)
2014-10-26 19:37:32,665 - Loaded System Directive: org.apache.velocity.runtime.directive.Literal
2014-10-26 19:37:32,666 - Loaded System Directive: org.apache.velocity.runtime.directive.Macro
2014-10-26 19:37:32,666 - Loaded System Directive: org.apache.velocity.runtime.directive.Parse
2014-10-26 19:37:32,667 - Loaded System Directive: org.apache.velocity.runtime.directive.Include
2014-10-26 19:37:32,667 - Loaded System Directive: org.apache.velocity.runtime.directive.Foreach
2014-10-26 19:37:32,682 - Created '20' parsers.
2014-10-26 19:37:32,686 - Velocimacro : "velocimacro.library" is not set.  Trying default library: VM_global_library.vm
2014-10-26 19:37:32,686 - Velocimacro : Default library not found.
2014-10-26 19:37:32,686 - Velocimacro : allowInline = true : VMs can be defined inline in templates
2014-10-26 19:37:32,686 - Velocimacro : allowInlineToOverride = false : VMs defined inline may NOT replace previous VM definitions
2014-10-26 19:37:32,686 - Velocimacro : allowInlineLocal = false : VMs defined inline will be global in scope if allowed.
2014-10-26 19:37:32,686 - Velocimacro : autoload off : VM system will not automatically reload global library macros
2014-10-26 19:56:47,539 - Log4JLogChute initialized using file 'velocity.log'
2014-10-26 19:56:47,539 - Velocity was not initialized! Calling init()...
2014-10-26 19:56:47,539 - Starting Apache Velocity v1.5 (compiled: 2007-02-22 08:52:29)
2014-10-26 19:56:47,539 - Default Properties File: org/apache/velocity/runtime/defaults/velocity.properties
2014-10-26 19:56:47,539 - Trying to use logger class org.apache.velocity.runtime.log.AvalonLogChute
2014-10-26 19:56:47,540 - Couldn't find class org.apache.velocity.runtime.log.AvalonLogChute or necessary supporting classes in classpath.
java.lang.NoClassDefFoundError: org/apache/log/format/Formatter
	at java.lang.Class.forName0(Native Method)
	at java.lang.Class.forName(Class.java:249)
	at org.apache.velocity.util.ClassUtils.getClass(ClassUtils.java:63)
	at org.apache.velocity.util.ClassUtils.getNewInstance(ClassUtils.java:95)
	at org.apache.velocity.runtime.log.LogManager.createLogChute(LogManager.java:147)
	at org.apache.velocity.runtime.log.LogManager.updateLog(LogManager.java:208)
	at org.apache.velocity.runtime.RuntimeInstance.initializeLog(RuntimeInstance.java:728)
	at org.apache.velocity.runtime.RuntimeInstance.init(RuntimeInstance.java:240)
	at org.apache.velocity.runtime.RuntimeInstance.parse(RuntimeInstance.java:993)
	at org.apache.velocity.runtime.RuntimeInstance.parse(RuntimeInstance.java:972)
	at org.apache.velocity.runtime.RuntimeSingleton.parse(RuntimeSingleton.java:265)
	at org.apache.velocity.app.Velocity.evaluate(Velocity.java:274)
	at org.sonatype.mavenbook.weather.WeatherFormatter.format(WeatherFormatter.java:23)
	at org.sonatype.mavenbook.weather.yahoo.WeatherFormatterTest.testFormat(WeatherFormatterTest.java:23)
	at sun.reflect.NativeMethodAccessorImpl.invoke0(Native Method)
	at sun.reflect.NativeMethodAccessorImpl.invoke(NativeMethodAccessorImpl.java:39)
	at sun.reflect.DelegatingMethodAccessorImpl.invoke(DelegatingMethodAccessorImpl.java:25)
	at java.lang.reflect.Method.invoke(Method.java:597)
	at junit.framework.TestCase.runTest(TestCase.java:154)
	at junit.framework.TestCase.runBare(TestCase.java:127)
	at junit.framework.TestResult$1.protect(TestResult.java:106)
	at junit.framework.TestResult.runProtected(TestResult.java:124)
	at junit.framework.TestResult.run(TestResult.java:109)
	at junit.framework.TestCase.run(TestCase.java:118)
	at junit.framework.TestSuite.runTest(TestSuite.java:208)
	at junit.framework.TestSuite.run(TestSuite.java:203)
	at sun.reflect.NativeMethodAccessorImpl.invoke0(Native Method)
	at sun.reflect.NativeMethodAccessorImpl.invoke(NativeMethodAccessorImpl.java:39)
	at sun.reflect.DelegatingMethodAccessorImpl.invoke(DelegatingMethodAccessorImpl.java:25)
	at java.lang.reflect.Method.invoke(Method.java:597)
	at org.apache.maven.surefire.junit.JUnitTestSet.execute(JUnitTestSet.java:95)
	at org.apache.maven.surefire.junit.JUnit3Provider.executeTestSet(JUnit3Provider.java:121)
	at org.apache.maven.surefire.junit.JUnit3Provider.invoke(JUnit3Provider.java:98)
	at sun.reflect.NativeMethodAccessorImpl.invoke0(Native Method)
	at sun.reflect.NativeMethodAccessorImpl.invoke(NativeMethodAccessorImpl.java:39)
	at sun.reflect.DelegatingMethodAccessorImpl.invoke(DelegatingMethodAccessorImpl.java:25)
	at java.lang.reflect.Method.invoke(Method.java:597)
	at org.apache.maven.surefire.util.ReflectionUtils.invokeMethodWithArray(ReflectionUtils.java:189)
	at org.apache.maven.surefire.booter.ProviderFactory$ProviderProxy.invoke(ProviderFactory.java:165)
	at org.apache.maven.surefire.booter.ProviderFactory.invokeProvider(ProviderFactory.java:85)
	at org.apache.maven.surefire.booter.ForkedBooter.runSuitesInProcess(ForkedBooter.java:115)
	at org.apache.maven.surefire.booter.ForkedBooter.main(ForkedBooter.java:75)
Caused by: java.lang.ClassNotFoundException: org.apache.log.format.Formatter
	at java.net.URLClassLoader$1.run(URLClassLoader.java:202)
	at java.security.AccessController.doPrivileged(Native Method)
	at java.net.URLClassLoader.findClass(URLClassLoader.java:190)
	at java.lang.ClassLoader.loadClass(ClassLoader.java:306)
	at sun.misc.Launcher$AppClassLoader.loadClass(Launcher.java:301)
	at java.lang.ClassLoader.loadClass(ClassLoader.java:247)
	... 42 more
2014-10-26 19:56:47,542 - Trying to use logger class org.apache.velocity.runtime.log.Log4JLogChute
2014-10-26 19:56:47,542 - Using logger class org.apache.velocity.runtime.log.Log4JLogChute
2014-10-26 19:56:47,544 - Default ResourceManager initializing. (class org.apache.velocity.runtime.resource.ResourceManagerImpl)
2014-10-26 19:56:47,547 - ResourceLoader instantiated: org.apache.velocity.runtime.resource.loader.FileResourceLoader
2014-10-26 19:56:47,548 - Do unicode file recognition:  false
2014-10-26 19:56:47,548 - FileResourceLoader : adding path '.'
2014-10-26 19:56:47,559 - ResourceCache: initialized (class org.apache.velocity.runtime.resource.ResourceCacheImpl)
2014-10-26 19:56:47,560 - Loaded System Directive: org.apache.velocity.runtime.directive.Literal
2014-10-26 19:56:47,561 - Loaded System Directive: org.apache.velocity.runtime.directive.Macro
2014-10-26 19:56:47,562 - Loaded System Directive: org.apache.velocity.runtime.directive.Parse
2014-10-26 19:56:47,563 - Loaded System Directive: org.apache.velocity.runtime.directive.Include
2014-10-26 19:56:47,564 - Loaded System Directive: org.apache.velocity.runtime.directive.Foreach
2014-10-26 19:56:47,584 - Created '20' parsers.
2014-10-26 19:56:47,589 - Velocimacro : "velocimacro.library" is not set.  Trying default library: VM_global_library.vm
2014-10-26 19:56:47,589 - Velocimacro : Default library not found.
2014-10-26 19:56:47,589 - Velocimacro : allowInline = true : VMs can be defined inline in templates
2014-10-26 19:56:47,589 - Velocimacro : allowInlineToOverride = false : VMs defined inline may NOT replace previous VM definitions
2014-10-26 19:56:47,589 - Velocimacro : allowInlineLocal = false : VMs defined inline will be global in scope if allowed.
2014-10-26 19:56:47,589 - Velocimacro : autoload off : VM system will not automatically reload global library macros
2014-10-26 19:56:57,034 - Log4JLogChute initialized using file 'velocity.log'
2014-10-26 19:56:57,035 - Velocity was not initialized! Calling init()...
2014-10-26 19:56:57,035 - Starting Apache Velocity v1.5 (compiled: 2007-02-22 08:52:29)
2014-10-26 19:56:57,035 - Default Properties File: org/apache/velocity/runtime/defaults/velocity.properties
2014-10-26 19:56:57,035 - Trying to use logger class org.apache.velocity.runtime.log.AvalonLogChute
2014-10-26 19:56:57,036 - Couldn't find class org.apache.velocity.runtime.log.AvalonLogChute or necessary supporting classes in classpath.
java.lang.NoClassDefFoundError: org/apache/log/format/Formatter
	at java.lang.Class.forName0(Native Method)
	at java.lang.Class.forName(Class.java:249)
	at org.apache.velocity.util.ClassUtils.getClass(ClassUtils.java:63)
	at org.apache.velocity.util.ClassUtils.getNewInstance(ClassUtils.java:95)
	at org.apache.velocity.runtime.log.LogManager.createLogChute(LogManager.java:147)
	at org.apache.velocity.runtime.log.LogManager.updateLog(LogManager.java:208)
	at org.apache.velocity.runtime.RuntimeInstance.initializeLog(RuntimeInstance.java:728)
	at org.apache.velocity.runtime.RuntimeInstance.init(RuntimeInstance.java:240)
	at org.apache.velocity.runtime.RuntimeInstance.parse(RuntimeInstance.java:993)
	at org.apache.velocity.runtime.RuntimeInstance.parse(RuntimeInstance.java:972)
	at org.apache.velocity.runtime.RuntimeSingleton.parse(RuntimeSingleton.java:265)
	at org.apache.velocity.app.Velocity.evaluate(Velocity.java:274)
	at org.sonatype.mavenbook.weather.WeatherFormatter.format(WeatherFormatter.java:23)
	at org.sonatype.mavenbook.weather.yahoo.WeatherFormatterTest.testFormat(WeatherFormatterTest.java:23)
	at sun.reflect.NativeMethodAccessorImpl.invoke0(Native Method)
	at sun.reflect.NativeMethodAccessorImpl.invoke(NativeMethodAccessorImpl.java:39)
	at sun.reflect.DelegatingMethodAccessorImpl.invoke(DelegatingMethodAccessorImpl.java:25)
	at java.lang.reflect.Method.invoke(Method.java:597)
	at junit.framework.TestCase.runTest(TestCase.java:154)
	at junit.framework.TestCase.runBare(TestCase.java:127)
	at junit.framework.TestResult$1.protect(TestResult.java:106)
	at junit.framework.TestResult.runProtected(TestResult.java:124)
	at junit.framework.TestResult.run(TestResult.java:109)
	at junit.framework.TestCase.run(TestCase.java:118)
	at junit.framework.TestSuite.runTest(TestSuite.java:208)
	at junit.framework.TestSuite.run(TestSuite.java:203)
	at sun.reflect.NativeMethodAccessorImpl.invoke0(Native Method)
	at sun.reflect.NativeMethodAccessorImpl.invoke(NativeMethodAccessorImpl.java:39)
	at sun.reflect.DelegatingMethodAccessorImpl.invoke(DelegatingMethodAccessorImpl.java:25)
	at java.lang.reflect.Method.invoke(Method.java:597)
	at org.apache.maven.surefire.junit.JUnitTestSet.execute(JUnitTestSet.java:95)
	at org.apache.maven.surefire.junit.JUnit3Provider.executeTestSet(JUnit3Provider.java:121)
	at org.apache.maven.surefire.junit.JUnit3Provider.invoke(JUnit3Provider.java:98)
	at sun.reflect.NativeMethodAccessorImpl.invoke0(Native Method)
	at sun.reflect.NativeMethodAccessorImpl.invoke(NativeMethodAccessorImpl.java:39)
	at sun.reflect.DelegatingMethodAccessorImpl.invoke(DelegatingMethodAccessorImpl.java:25)
	at java.lang.reflect.Method.invoke(Method.java:597)
	at org.apache.maven.surefire.util.ReflectionUtils.invokeMethodWithArray(ReflectionUtils.java:189)
	at org.apache.maven.surefire.booter.ProviderFactory$ProviderProxy.invoke(ProviderFactory.java:165)
	at org.apache.maven.surefire.booter.ProviderFactory.invokeProvider(ProviderFactory.java:85)
	at org.apache.maven.surefire.booter.ForkedBooter.runSuitesInProcess(ForkedBooter.java:115)
	at org.apache.maven.surefire.booter.ForkedBooter.main(ForkedBooter.java:75)
Caused by: java.lang.ClassNotFoundException: org.apache.log.format.Formatter
	at java.net.URLClassLoader$1.run(URLClassLoader.java:202)
	at java.security.AccessController.doPrivileged(Native Method)
	at java.net.URLClassLoader.findClass(URLClassLoader.java:190)
	at java.lang.ClassLoader.loadClass(ClassLoader.java:306)
	at sun.misc.Launcher$AppClassLoader.loadClass(Launcher.java:301)
	at java.lang.ClassLoader.loadClass(ClassLoader.java:247)
	... 42 more
2014-10-26 19:56:57,038 - Trying to use logger class org.apache.velocity.runtime.log.Log4JLogChute
2014-10-26 19:56:57,038 - Using logger class org.apache.velocity.runtime.log.Log4JLogChute
2014-10-26 19:56:57,040 - Default ResourceManager initializing. (class org.apache.velocity.runtime.resource.ResourceManagerImpl)
2014-10-26 19:56:57,043 - ResourceLoader instantiated: org.apache.velocity.runtime.resource.loader.FileResourceLoader
2014-10-26 19:56:57,045 - Do unicode file recognition:  false
2014-10-26 19:56:57,045 - FileResourceLoader : adding path '.'
2014-10-26 19:56:57,058 - ResourceCache: initialized (class org.apache.velocity.runtime.resource.ResourceCacheImpl)
2014-10-26 19:56:57,059 - Loaded System Directive: org.apache.velocity.runtime.directive.Literal
2014-10-26 19:56:57,060 - Loaded System Directive: org.apache.velocity.runtime.directive.Macro
2014-10-26 19:56:57,062 - Loaded System Directive: org.apache.velocity.runtime.directive.Parse
2014-10-26 19:56:57,064 - Loaded System Directive: org.apache.velocity.runtime.directive.Include
2014-10-26 19:56:57,065 - Loaded System Directive: org.apache.velocity.runtime.directive.Foreach
2014-10-26 19:56:57,093 - Created '20' parsers.
2014-10-26 19:56:57,099 - Velocimacro : "velocimacro.library" is not set.  Trying default library: VM_global_library.vm
2014-10-26 19:56:57,099 - Velocimacro : Default library not found.
2014-10-26 19:56:57,099 - Velocimacro : allowInline = true : VMs can be defined inline in templates
2014-10-26 19:56:57,099 - Velocimacro : allowInlineToOverride = false : VMs defined inline may NOT replace previous VM definitions
2014-10-26 19:56:57,099 - Velocimacro : allowInlineLocal = false : VMs defined inline will be global in scope if allowed.
2014-10-26 19:56:57,099 - Velocimacro : autoload off : VM system will not automatically reload global library macros
2014-10-26 20:09:08,629 - Log4JLogChute initialized using file 'velocity.log'
2014-10-26 20:09:08,629 - Velocity was not initialized! Calling init()...
2014-10-26 20:09:08,629 - Starting Apache Velocity v1.5 (compiled: 2007-02-22 08:52:29)
2014-10-26 20:09:08,629 - Default Properties File: org/apache/velocity/runtime/defaults/velocity.properties
2014-10-26 20:09:08,629 - Trying to use logger class org.apache.velocity.runtime.log.AvalonLogChute
2014-10-26 20:09:08,631 - Couldn't find class org.apache.velocity.runtime.log.AvalonLogChute or necessary supporting classes in classpath.
java.lang.NoClassDefFoundError: org/apache/log/format/Formatter
	at java.lang.Class.forName0(Native Method)
	at java.lang.Class.forName(Class.java:249)
	at org.apache.velocity.util.ClassUtils.getClass(ClassUtils.java:63)
	at org.apache.velocity.util.ClassUtils.getNewInstance(ClassUtils.java:95)
	at org.apache.velocity.runtime.log.LogManager.createLogChute(LogManager.java:147)
	at org.apache.velocity.runtime.log.LogManager.updateLog(LogManager.java:208)
	at org.apache.velocity.runtime.RuntimeInstance.initializeLog(RuntimeInstance.java:728)
	at org.apache.velocity.runtime.RuntimeInstance.init(RuntimeInstance.java:240)
	at org.apache.velocity.runtime.RuntimeInstance.parse(RuntimeInstance.java:993)
	at org.apache.velocity.runtime.RuntimeInstance.parse(RuntimeInstance.java:972)
	at org.apache.velocity.runtime.RuntimeSingleton.parse(RuntimeSingleton.java:265)
	at org.apache.velocity.app.Velocity.evaluate(Velocity.java:274)
	at org.sonatype.mavenbook.weather.WeatherFormatter.format(WeatherFormatter.java:23)
	at org.sonatype.mavenbook.weather.yahoo.WeatherFormatterTest.testFormat(WeatherFormatterTest.java:23)
	at sun.reflect.NativeMethodAccessorImpl.invoke0(Native Method)
	at sun.reflect.NativeMethodAccessorImpl.invoke(NativeMethodAccessorImpl.java:39)
	at sun.reflect.DelegatingMethodAccessorImpl.invoke(DelegatingMethodAccessorImpl.java:25)
	at java.lang.reflect.Method.invoke(Method.java:597)
	at junit.framework.TestCase.runTest(TestCase.java:154)
	at junit.framework.TestCase.runBare(TestCase.java:127)
	at junit.framework.TestResult$1.protect(TestResult.java:106)
	at junit.framework.TestResult.runProtected(TestResult.java:124)
	at junit.framework.TestResult.run(TestResult.java:109)
	at junit.framework.TestCase.run(TestCase.java:118)
	at junit.framework.TestSuite.runTest(TestSuite.java:208)
	at junit.framework.TestSuite.run(TestSuite.java:203)
	at sun.reflect.NativeMethodAccessorImpl.invoke0(Native Method)
	at sun.reflect.NativeMethodAccessorImpl.invoke(NativeMethodAccessorImpl.java:39)
	at sun.reflect.DelegatingMethodAccessorImpl.invoke(DelegatingMethodAccessorImpl.java:25)
	at java.lang.reflect.Method.invoke(Method.java:597)
	at org.apache.maven.surefire.junit.JUnitTestSet.execute(JUnitTestSet.java:95)
	at org.apache.maven.surefire.junit.JUnit3Provider.executeTestSet(JUnit3Provider.java:121)
	at org.apache.maven.surefire.junit.JUnit3Provider.invoke(JUnit3Provider.java:98)
	at sun.reflect.NativeMethodAccessorImpl.invoke0(Native Method)
	at sun.reflect.NativeMethodAccessorImpl.invoke(NativeMethodAccessorImpl.java:39)
	at sun.reflect.DelegatingMethodAccessorImpl.invoke(DelegatingMethodAccessorImpl.java:25)
	at java.lang.reflect.Method.invoke(Method.java:597)
	at org.apache.maven.surefire.util.ReflectionUtils.invokeMethodWithArray(ReflectionUtils.java:189)
	at org.apache.maven.surefire.booter.ProviderFactory$ProviderProxy.invoke(ProviderFactory.java:165)
	at org.apache.maven.surefire.booter.ProviderFactory.invokeProvider(ProviderFactory.java:85)
	at org.apache.maven.surefire.booter.ForkedBooter.runSuitesInProcess(ForkedBooter.java:115)
	at org.apache.maven.surefire.booter.ForkedBooter.main(ForkedBooter.java:75)
Caused by: java.lang.ClassNotFoundException: org.apache.log.format.Formatter
	at java.net.URLClassLoader$1.run(URLClassLoader.java:202)
	at java.security.AccessController.doPrivileged(Native Method)
	at java.net.URLClassLoader.findClass(URLClassLoader.java:190)
	at java.lang.ClassLoader.loadClass(ClassLoader.java:306)
	at sun.misc.Launcher$AppClassLoader.loadClass(Launcher.java:301)
	at java.lang.ClassLoader.loadClass(ClassLoader.java:247)
	... 42 more
2014-10-26 20:09:08,633 - Trying to use logger class org.apache.velocity.runtime.log.Log4JLogChute
2014-10-26 20:09:08,633 - Using logger class org.apache.velocity.runtime.log.Log4JLogChute
2014-10-26 20:09:08,635 - Default ResourceManager initializing. (class org.apache.velocity.runtime.resource.ResourceManagerImpl)
2014-10-26 20:09:08,639 - ResourceLoader instantiated: org.apache.velocity.runtime.resource.loader.FileResourceLoader
2014-10-26 20:09:08,640 - Do unicode file recognition:  false
2014-10-26 20:09:08,640 - FileResourceLoader : adding path '.'
2014-10-26 20:09:08,654 - ResourceCache: initialized (class org.apache.velocity.runtime.resource.ResourceCacheImpl)
2014-10-26 20:09:08,656 - Loaded System Directive: org.apache.velocity.runtime.directive.Literal
2014-10-26 20:09:08,658 - Loaded System Directive: org.apache.velocity.runtime.directive.Macro
2014-10-26 20:09:08,659 - Loaded System Directive: org.apache.velocity.runtime.directive.Parse
2014-10-26 20:09:08,661 - Loaded System Directive: org.apache.velocity.runtime.directive.Include
2014-10-26 20:09:08,661 - Loaded System Directive: org.apache.velocity.runtime.directive.Foreach
2014-10-26 20:09:08,698 - Created '20' parsers.
2014-10-26 20:09:08,703 - Velocimacro : "velocimacro.library" is not set.  Trying default library: VM_global_library.vm
2014-10-26 20:09:08,703 - Velocimacro : Default library not found.
2014-10-26 20:09:08,703 - Velocimacro : allowInline = true : VMs can be defined inline in templates
2014-10-26 20:09:08,703 - Velocimacro : allowInlineToOverride = false : VMs defined inline may NOT replace previous VM definitions
2014-10-26 20:09:08,703 - Velocimacro : allowInlineLocal = false : VMs defined inline will be global in scope if allowed.
2014-10-26 20:09:08,703 - Velocimacro : autoload off : VM system will not automatically reload global library macros
2014-10-26 20:17:50,498 - Log4JLogChute initialized using file 'velocity.log'
2014-10-26 20:17:50,499 - Velocity was not initialized! Calling init()...
2014-10-26 20:17:50,499 - Starting Apache Velocity v1.5 (compiled: 2007-02-22 08:52:29)
2014-10-26 20:17:50,499 - Default Properties File: org/apache/velocity/runtime/defaults/velocity.properties
2014-10-26 20:17:50,499 - Trying to use logger class org.apache.velocity.runtime.log.AvalonLogChute
2014-10-26 20:17:50,500 - Couldn't find class org.apache.velocity.runtime.log.AvalonLogChute or necessary supporting classes in classpath.
java.lang.NoClassDefFoundError: org/apache/log/format/Formatter
	at java.lang.Class.forName0(Native Method)
	at java.lang.Class.forName(Class.java:249)
	at org.apache.velocity.util.ClassUtils.getClass(ClassUtils.java:63)
	at org.apache.velocity.util.ClassUtils.getNewInstance(ClassUtils.java:95)
	at org.apache.velocity.runtime.log.LogManager.createLogChute(LogManager.java:147)
	at org.apache.velocity.runtime.log.LogManager.updateLog(LogManager.java:208)
	at org.apache.velocity.runtime.RuntimeInstance.initializeLog(RuntimeInstance.java:728)
	at org.apache.velocity.runtime.RuntimeInstance.init(RuntimeInstance.java:240)
	at org.apache.velocity.runtime.RuntimeInstance.parse(RuntimeInstance.java:993)
	at org.apache.velocity.runtime.RuntimeInstance.parse(RuntimeInstance.java:972)
	at org.apache.velocity.runtime.RuntimeSingleton.parse(RuntimeSingleton.java:265)
	at org.apache.velocity.app.Velocity.evaluate(Velocity.java:274)
	at org.sonatype.mavenbook.weather.WeatherFormatter.format(WeatherFormatter.java:23)
	at org.sonatype.mavenbook.weather.yahoo.WeatherFormatterTest.testFormat(WeatherFormatterTest.java:23)
	at sun.reflect.NativeMethodAccessorImpl.invoke0(Native Method)
	at sun.reflect.NativeMethodAccessorImpl.invoke(NativeMethodAccessorImpl.java:39)
	at sun.reflect.DelegatingMethodAccessorImpl.invoke(DelegatingMethodAccessorImpl.java:25)
	at java.lang.reflect.Method.invoke(Method.java:597)
	at junit.framework.TestCase.runTest(TestCase.java:154)
	at junit.framework.TestCase.runBare(TestCase.java:127)
	at junit.framework.TestResult$1.protect(TestResult.java:106)
	at junit.framework.TestResult.runProtected(TestResult.java:124)
	at junit.framework.TestResult.run(TestResult.java:109)
	at junit.framework.TestCase.run(TestCase.java:118)
	at junit.framework.TestSuite.runTest(TestSuite.java:208)
	at junit.framework.TestSuite.run(TestSuite.java:203)
	at sun.reflect.NativeMethodAccessorImpl.invoke0(Native Method)
	at sun.reflect.NativeMethodAccessorImpl.invoke(NativeMethodAccessorImpl.java:39)
	at sun.reflect.DelegatingMethodAccessorImpl.invoke(DelegatingMethodAccessorImpl.java:25)
	at java.lang.reflect.Method.invoke(Method.java:597)
	at org.apache.maven.surefire.junit.JUnitTestSet.execute(JUnitTestSet.java:95)
	at org.apache.maven.surefire.junit.JUnit3Provider.executeTestSet(JUnit3Provider.java:121)
	at org.apache.maven.surefire.junit.JUnit3Provider.invoke(JUnit3Provider.java:98)
	at sun.reflect.NativeMethodAccessorImpl.invoke0(Native Method)
	at sun.reflect.NativeMethodAccessorImpl.invoke(NativeMethodAccessorImpl.java:39)
	at sun.reflect.DelegatingMethodAccessorImpl.invoke(DelegatingMethodAccessorImpl.java:25)
	at java.lang.reflect.Method.invoke(Method.java:597)
	at org.apache.maven.surefire.util.ReflectionUtils.invokeMethodWithArray(ReflectionUtils.java:189)
	at org.apache.maven.surefire.booter.ProviderFactory$ProviderProxy.invoke(ProviderFactory.java:165)
	at org.apache.maven.surefire.booter.ProviderFactory.invokeProvider(ProviderFactory.java:85)
	at org.apache.maven.surefire.booter.ForkedBooter.runSuitesInProcess(ForkedBooter.java:115)
	at org.apache.maven.surefire.booter.ForkedBooter.main(ForkedBooter.java:75)
Caused by: java.lang.ClassNotFoundException: org.apache.log.format.Formatter
	at java.net.URLClassLoader$1.run(URLClassLoader.java:202)
	at java.security.AccessController.doPrivileged(Native Method)
	at java.net.URLClassLoader.findClass(URLClassLoader.java:190)
	at java.lang.ClassLoader.loadClass(ClassLoader.java:306)
	at sun.misc.Launcher$AppClassLoader.loadClass(Launcher.java:301)
	at java.lang.ClassLoader.loadClass(ClassLoader.java:247)
	... 42 more
2014-10-26 20:17:50,502 - Trying to use logger class org.apache.velocity.runtime.log.Log4JLogChute
2014-10-26 20:17:50,502 - Using logger class org.apache.velocity.runtime.log.Log4JLogChute
2014-10-26 20:17:50,504 - Default ResourceManager initializing. (class org.apache.velocity.runtime.resource.ResourceManagerImpl)
2014-10-26 20:17:50,508 - ResourceLoader instantiated: org.apache.velocity.runtime.resource.loader.FileResourceLoader
2014-10-26 20:17:50,511 - Do unicode file recognition:  false
2014-10-26 20:17:50,511 - FileResourceLoader : adding path '.'
2014-10-26 20:17:50,520 - ResourceCache: initialized (class org.apache.velocity.runtime.resource.ResourceCacheImpl)
2014-10-26 20:17:50,521 - Loaded System Directive: org.apache.velocity.runtime.directive.Literal
2014-10-26 20:17:50,522 - Loaded System Directive: org.apache.velocity.runtime.directive.Macro
2014-10-26 20:17:50,523 - Loaded System Directive: org.apache.velocity.runtime.directive.Parse
2014-10-26 20:17:50,524 - Loaded System Directive: org.apache.velocity.runtime.directive.Include
2014-10-26 20:17:50,524 - Loaded System Directive: org.apache.velocity.runtime.directive.Foreach
2014-10-26 20:17:50,553 - Created '20' parsers.
2014-10-26 20:17:50,558 - Velocimacro : "velocimacro.library" is not set.  Trying default library: VM_global_library.vm
2014-10-26 20:17:50,558 - Velocimacro : Default library not found.
2014-10-26 20:17:50,558 - Velocimacro : allowInline = true : VMs can be defined inline in templates
2014-10-26 20:17:50,558 - Velocimacro : allowInlineToOverride = false : VMs defined inline may NOT replace previous VM definitions
2014-10-26 20:17:50,558 - Velocimacro : allowInlineLocal = false : VMs defined inline will be global in scope if allowed.
2014-10-26 20:17:50,558 - Velocimacro : autoload off : VM system will not automatically reload global library macros
2014-10-26 20:20:41,644 - Log4JLogChute initialized using file 'velocity.log'
2014-10-26 20:20:41,645 - Velocity was not initialized! Calling init()...
2014-10-26 20:20:41,645 - Starting Apache Velocity v1.5 (compiled: 2007-02-22 08:52:29)
2014-10-26 20:20:41,645 - Default Properties File: org/apache/velocity/runtime/defaults/velocity.properties
2014-10-26 20:20:41,645 - Trying to use logger class org.apache.velocity.runtime.log.AvalonLogChute
2014-10-26 20:20:41,646 - Couldn't find class org.apache.velocity.runtime.log.AvalonLogChute or necessary supporting classes in classpath.
java.lang.NoClassDefFoundError: org/apache/log/format/Formatter
	at java.lang.Class.forName0(Native Method)
	at java.lang.Class.forName(Class.java:249)
	at org.apache.velocity.util.ClassUtils.getClass(ClassUtils.java:63)
	at org.apache.velocity.util.ClassUtils.getNewInstance(ClassUtils.java:95)
	at org.apache.velocity.runtime.log.LogManager.createLogChute(LogManager.java:147)
	at org.apache.velocity.runtime.log.LogManager.updateLog(LogManager.java:208)
	at org.apache.velocity.runtime.RuntimeInstance.initializeLog(RuntimeInstance.java:728)
	at org.apache.velocity.runtime.RuntimeInstance.init(RuntimeInstance.java:240)
	at org.apache.velocity.runtime.RuntimeInstance.parse(RuntimeInstance.java:993)
	at org.apache.velocity.runtime.RuntimeInstance.parse(RuntimeInstance.java:972)
	at org.apache.velocity.runtime.RuntimeSingleton.parse(RuntimeSingleton.java:265)
	at org.apache.velocity.app.Velocity.evaluate(Velocity.java:274)
	at org.sonatype.mavenbook.weather.WeatherFormatter.format(WeatherFormatter.java:23)
	at org.sonatype.mavenbook.weather.yahoo.WeatherFormatterTest.testFormat(WeatherFormatterTest.java:23)
	at sun.reflect.NativeMethodAccessorImpl.invoke0(Native Method)
	at sun.reflect.NativeMethodAccessorImpl.invoke(NativeMethodAccessorImpl.java:39)
	at sun.reflect.DelegatingMethodAccessorImpl.invoke(DelegatingMethodAccessorImpl.java:25)
	at java.lang.reflect.Method.invoke(Method.java:597)
	at junit.framework.TestCase.runTest(TestCase.java:154)
	at junit.framework.TestCase.runBare(TestCase.java:127)
	at junit.framework.TestResult$1.protect(TestResult.java:106)
	at junit.framework.TestResult.runProtected(TestResult.java:124)
	at junit.framework.TestResult.run(TestResult.java:109)
	at junit.framework.TestCase.run(TestCase.java:118)
	at junit.framework.TestSuite.runTest(TestSuite.java:208)
	at junit.framework.TestSuite.run(TestSuite.java:203)
	at sun.reflect.NativeMethodAccessorImpl.invoke0(Native Method)
	at sun.reflect.NativeMethodAccessorImpl.invoke(NativeMethodAccessorImpl.java:39)
	at sun.reflect.DelegatingMethodAccessorImpl.invoke(DelegatingMethodAccessorImpl.java:25)
	at java.lang.reflect.Method.invoke(Method.java:597)
	at org.apache.maven.surefire.junit.JUnitTestSet.execute(JUnitTestSet.java:95)
	at org.apache.maven.surefire.junit.JUnit3Provider.executeTestSet(JUnit3Provider.java:121)
	at org.apache.maven.surefire.junit.JUnit3Provider.invoke(JUnit3Provider.java:98)
	at sun.reflect.NativeMethodAccessorImpl.invoke0(Native Method)
	at sun.reflect.NativeMethodAccessorImpl.invoke(NativeMethodAccessorImpl.java:39)
	at sun.reflect.DelegatingMethodAccessorImpl.invoke(DelegatingMethodAccessorImpl.java:25)
	at java.lang.reflect.Method.invoke(Method.java:597)
	at org.apache.maven.surefire.util.ReflectionUtils.invokeMethodWithArray(ReflectionUtils.java:189)
	at org.apache.maven.surefire.booter.ProviderFactory$ProviderProxy.invoke(ProviderFactory.java:165)
	at org.apache.maven.surefire.booter.ProviderFactory.invokeProvider(ProviderFactory.java:85)
	at org.apache.maven.surefire.booter.ForkedBooter.runSuitesInProcess(ForkedBooter.java:115)
	at org.apache.maven.surefire.booter.ForkedBooter.main(ForkedBooter.java:75)
Caused by: java.lang.ClassNotFoundException: org.apache.log.format.Formatter
	at java.net.URLClassLoader$1.run(URLClassLoader.java:202)
	at java.security.AccessController.doPrivileged(Native Method)
	at java.net.URLClassLoader.findClass(URLClassLoader.java:190)
	at java.lang.ClassLoader.loadClass(ClassLoader.java:306)
	at sun.misc.Launcher$AppClassLoader.loadClass(Launcher.java:301)
	at java.lang.ClassLoader.loadClass(ClassLoader.java:247)
	... 42 more
2014-10-26 20:20:41,648 - Trying to use logger class org.apache.velocity.runtime.log.Log4JLogChute
2014-10-26 20:20:41,648 - Using logger class org.apache.velocity.runtime.log.Log4JLogChute
2014-10-26 20:20:41,650 - Default ResourceManager initializing. (class org.apache.velocity.runtime.resource.ResourceManagerImpl)
2014-10-26 20:20:41,654 - ResourceLoader instantiated: org.apache.velocity.runtime.resource.loader.FileResourceLoader
2014-10-26 20:20:41,655 - Do unicode file recognition:  false
2014-10-26 20:20:41,655 - FileResourceLoader : adding path '.'
2014-10-26 20:20:41,668 - ResourceCache: initialized (class org.apache.velocity.runtime.resource.ResourceCacheImpl)
2014-10-26 20:20:41,669 - Loaded System Directive: org.apache.velocity.runtime.directive.Literal
2014-10-26 20:20:41,670 - Loaded System Directive: org.apache.velocity.runtime.directive.Macro
2014-10-26 20:20:41,671 - Loaded System Directive: org.apache.velocity.runtime.directive.Parse
2014-10-26 20:20:41,673 - Loaded System Directive: org.apache.velocity.runtime.directive.Include
2014-10-26 20:20:41,674 - Loaded System Directive: org.apache.velocity.runtime.directive.Foreach
2014-10-26 20:20:41,700 - Created '20' parsers.
2014-10-26 20:20:41,705 - Velocimacro : "velocimacro.library" is not set.  Trying default library: VM_global_library.vm
2014-10-26 20:20:41,705 - Velocimacro : Default library not found.
2014-10-26 20:20:41,705 - Velocimacro : allowInline = true : VMs can be defined inline in templates
2014-10-26 20:20:41,705 - Velocimacro : allowInlineToOverride = false : VMs defined inline may NOT replace previous VM definitions
2014-10-26 20:20:41,705 - Velocimacro : allowInlineLocal = false : VMs defined inline will be global in scope if allowed.
2014-10-26 20:20:41,705 - Velocimacro : autoload off : VM system will not automatically reload global library macros
2014-10-26 20:25:03,020 - Log4JLogChute initialized using file 'velocity.log'
2014-10-26 20:25:03,020 - Velocity was not initialized! Calling init()...
2014-10-26 20:25:03,020 - Starting Apache Velocity v1.5 (compiled: 2007-02-22 08:52:29)
2014-10-26 20:25:03,020 - Default Properties File: org/apache/velocity/runtime/defaults/velocity.properties
2014-10-26 20:25:03,020 - Trying to use logger class org.apache.velocity.runtime.log.AvalonLogChute
2014-10-26 20:25:03,021 - Couldn't find class org.apache.velocity.runtime.log.AvalonLogChute or necessary supporting classes in classpath.
java.lang.NoClassDefFoundError: org/apache/log/format/Formatter
	at java.lang.Class.forName0(Native Method)
	at java.lang.Class.forName(Class.java:249)
	at org.apache.velocity.util.ClassUtils.getClass(ClassUtils.java:63)
	at org.apache.velocity.util.ClassUtils.getNewInstance(ClassUtils.java:95)
	at org.apache.velocity.runtime.log.LogManager.createLogChute(LogManager.java:147)
	at org.apache.velocity.runtime.log.LogManager.updateLog(LogManager.java:208)
	at org.apache.velocity.runtime.RuntimeInstance.initializeLog(RuntimeInstance.java:728)
	at org.apache.velocity.runtime.RuntimeInstance.init(RuntimeInstance.java:240)
	at org.apache.velocity.runtime.RuntimeInstance.parse(RuntimeInstance.java:993)
	at org.apache.velocity.runtime.RuntimeInstance.parse(RuntimeInstance.java:972)
	at org.apache.velocity.runtime.RuntimeSingleton.parse(RuntimeSingleton.java:265)
	at org.apache.velocity.app.Velocity.evaluate(Velocity.java:274)
	at org.sonatype.mavenbook.weather.WeatherFormatter.format(WeatherFormatter.java:23)
	at org.sonatype.mavenbook.weather.yahoo.WeatherFormatterTest.testFormat(WeatherFormatterTest.java:23)
	at sun.reflect.NativeMethodAccessorImpl.invoke0(Native Method)
	at sun.reflect.NativeMethodAccessorImpl.invoke(NativeMethodAccessorImpl.java:39)
	at sun.reflect.DelegatingMethodAccessorImpl.invoke(DelegatingMethodAccessorImpl.java:25)
	at java.lang.reflect.Method.invoke(Method.java:597)
	at junit.framework.TestCase.runTest(TestCase.java:154)
	at junit.framework.TestCase.runBare(TestCase.java:127)
	at junit.framework.TestResult$1.protect(TestResult.java:106)
	at junit.framework.TestResult.runProtected(TestResult.java:124)
	at junit.framework.TestResult.run(TestResult.java:109)
	at junit.framework.TestCase.run(TestCase.java:118)
	at junit.framework.TestSuite.runTest(TestSuite.java:208)
	at junit.framework.TestSuite.run(TestSuite.java:203)
	at sun.reflect.NativeMethodAccessorImpl.invoke0(Native Method)
	at sun.reflect.NativeMethodAccessorImpl.invoke(NativeMethodAccessorImpl.java:39)
	at sun.reflect.DelegatingMethodAccessorImpl.invoke(DelegatingMethodAccessorImpl.java:25)
	at java.lang.reflect.Method.invoke(Method.java:597)
	at org.apache.maven.surefire.junit.JUnitTestSet.execute(JUnitTestSet.java:95)
	at org.apache.maven.surefire.junit.JUnit3Provider.executeTestSet(JUnit3Provider.java:121)
	at org.apache.maven.surefire.junit.JUnit3Provider.invoke(JUnit3Provider.java:98)
	at sun.reflect.NativeMethodAccessorImpl.invoke0(Native Method)
	at sun.reflect.NativeMethodAccessorImpl.invoke(NativeMethodAccessorImpl.java:39)
	at sun.reflect.DelegatingMethodAccessorImpl.invoke(DelegatingMethodAccessorImpl.java:25)
	at java.lang.reflect.Method.invoke(Method.java:597)
	at org.apache.maven.surefire.util.ReflectionUtils.invokeMethodWithArray(ReflectionUtils.java:189)
	at org.apache.maven.surefire.booter.ProviderFactory$ProviderProxy.invoke(ProviderFactory.java:165)
	at org.apache.maven.surefire.booter.ProviderFactory.invokeProvider(ProviderFactory.java:85)
	at org.apache.maven.surefire.booter.ForkedBooter.runSuitesInProcess(ForkedBooter.java:115)
	at org.apache.maven.surefire.booter.ForkedBooter.main(ForkedBooter.java:75)
Caused by: java.lang.ClassNotFoundException: org.apache.log.format.Formatter
	at java.net.URLClassLoader$1.run(URLClassLoader.java:202)
	at java.security.AccessController.doPrivileged(Native Method)
	at java.net.URLClassLoader.findClass(URLClassLoader.java:190)
	at java.lang.ClassLoader.loadClass(ClassLoader.java:306)
	at sun.misc.Launcher$AppClassLoader.loadClass(Launcher.java:301)
	at java.lang.ClassLoader.loadClass(ClassLoader.java:247)
	... 42 more
2014-10-26 20:25:03,023 - Trying to use logger class org.apache.velocity.runtime.log.Log4JLogChute
2014-10-26 20:25:03,023 - Using logger class org.apache.velocity.runtime.log.Log4JLogChute
2014-10-26 20:25:03,025 - Default ResourceManager initializing. (class org.apache.velocity.runtime.resource.ResourceManagerImpl)
2014-10-26 20:25:03,029 - ResourceLoader instantiated: org.apache.velocity.runtime.resource.loader.FileResourceLoader
2014-10-26 20:25:03,030 - Do unicode file recognition:  false
2014-10-26 20:25:03,030 - FileResourceLoader : adding path '.'
2014-10-26 20:25:03,042 - ResourceCache: initialized (class org.apache.velocity.runtime.resource.ResourceCacheImpl)
2014-10-26 20:25:03,044 - Loaded System Directive: org.apache.velocity.runtime.directive.Literal
2014-10-26 20:25:03,045 - Loaded System Directive: org.apache.velocity.runtime.directive.Macro
2014-10-26 20:25:03,046 - Loaded System Directive: org.apache.velocity.runtime.directive.Parse
2014-10-26 20:25:03,047 - Loaded System Directive: org.apache.velocity.runtime.directive.Include
2014-10-26 20:25:03,048 - Loaded System Directive: org.apache.velocity.runtime.directive.Foreach
2014-10-26 20:25:03,075 - Created '20' parsers.
2014-10-26 20:25:03,081 - Velocimacro : "velocimacro.library" is not set.  Trying default library: VM_global_library.vm
2014-10-26 20:25:03,081 - Velocimacro : Default library not found.
2014-10-26 20:25:03,081 - Velocimacro : allowInline = true : VMs can be defined inline in templates
2014-10-26 20:25:03,081 - Velocimacro : allowInlineToOverride = false : VMs defined inline may NOT replace previous VM definitions
2014-10-26 20:25:03,081 - Velocimacro : allowInlineLocal = false : VMs defined inline will be global in scope if allowed.
2014-10-26 20:25:03,081 - Velocimacro : autoload off : VM system will not automatically reload global library macros
2014-10-27 10:04:44,205 - Log4JLogChute initialized using file 'velocity.log'
2014-10-27 10:04:44,206 - Velocity was not initialized! Calling init()...
2014-10-27 10:04:44,206 - Starting Apache Velocity v1.5 (compiled: 2007-02-22 08:52:29)
2014-10-27 10:04:44,206 - Default Properties File: org/apache/velocity/runtime/defaults/velocity.properties
2014-10-27 10:04:44,206 - Trying to use logger class org.apache.velocity.runtime.log.AvalonLogChute
2014-10-27 10:04:44,207 - Couldn't find class org.apache.velocity.runtime.log.AvalonLogChute or necessary supporting classes in classpath.
java.lang.NoClassDefFoundError: org/apache/log/format/Formatter
	at java.lang.Class.forName0(Native Method)
	at java.lang.Class.forName(Class.java:249)
	at org.apache.velocity.util.ClassUtils.getClass(ClassUtils.java:63)
	at org.apache.velocity.util.ClassUtils.getNewInstance(ClassUtils.java:95)
	at org.apache.velocity.runtime.log.LogManager.createLogChute(LogManager.java:147)
	at org.apache.velocity.runtime.log.LogManager.updateLog(LogManager.java:208)
	at org.apache.velocity.runtime.RuntimeInstance.initializeLog(RuntimeInstance.java:728)
	at org.apache.velocity.runtime.RuntimeInstance.init(RuntimeInstance.java:240)
	at org.apache.velocity.runtime.RuntimeInstance.parse(RuntimeInstance.java:993)
	at org.apache.velocity.runtime.RuntimeInstance.parse(RuntimeInstance.java:972)
	at org.apache.velocity.runtime.RuntimeSingleton.parse(RuntimeSingleton.java:265)
	at org.apache.velocity.app.Velocity.evaluate(Velocity.java:274)
	at org.sonatype.mavenbook.weather.WeatherFormatter.format(WeatherFormatter.java:23)
	at org.sonatype.mavenbook.weather.yahoo.WeatherFormatterTest.testFormat(WeatherFormatterTest.java:23)
	at sun.reflect.NativeMethodAccessorImpl.invoke0(Native Method)
	at sun.reflect.NativeMethodAccessorImpl.invoke(NativeMethodAccessorImpl.java:39)
	at sun.reflect.DelegatingMethodAccessorImpl.invoke(DelegatingMethodAccessorImpl.java:25)
	at java.lang.reflect.Method.invoke(Method.java:597)
	at junit.framework.TestCase.runTest(TestCase.java:154)
	at junit.framework.TestCase.runBare(TestCase.java:127)
	at junit.framework.TestResult$1.protect(TestResult.java:106)
	at junit.framework.TestResult.runProtected(TestResult.java:124)
	at junit.framework.TestResult.run(TestResult.java:109)
	at junit.framework.TestCase.run(TestCase.java:118)
	at junit.framework.TestSuite.runTest(TestSuite.java:208)
	at junit.framework.TestSuite.run(TestSuite.java:203)
	at sun.reflect.NativeMethodAccessorImpl.invoke0(Native Method)
	at sun.reflect.NativeMethodAccessorImpl.invoke(NativeMethodAccessorImpl.java:39)
	at sun.reflect.DelegatingMethodAccessorImpl.invoke(DelegatingMethodAccessorImpl.java:25)
	at java.lang.reflect.Method.invoke(Method.java:597)
	at org.apache.maven.surefire.junit.JUnitTestSet.execute(JUnitTestSet.java:95)
	at org.apache.maven.surefire.junit.JUnit3Provider.executeTestSet(JUnit3Provider.java:121)
	at org.apache.maven.surefire.junit.JUnit3Provider.invoke(JUnit3Provider.java:98)
	at sun.reflect.NativeMethodAccessorImpl.invoke0(Native Method)
	at sun.reflect.NativeMethodAccessorImpl.invoke(NativeMethodAccessorImpl.java:39)
	at sun.reflect.DelegatingMethodAccessorImpl.invoke(DelegatingMethodAccessorImpl.java:25)
	at java.lang.reflect.Method.invoke(Method.java:597)
	at org.apache.maven.surefire.util.ReflectionUtils.invokeMethodWithArray(ReflectionUtils.java:189)
	at org.apache.maven.surefire.booter.ProviderFactory$ProviderProxy.invoke(ProviderFactory.java:165)
	at org.apache.maven.surefire.booter.ProviderFactory.invokeProvider(ProviderFactory.java:85)
	at org.apache.maven.surefire.booter.ForkedBooter.runSuitesInProcess(ForkedBooter.java:115)
	at org.apache.maven.surefire.booter.ForkedBooter.main(ForkedBooter.java:75)
Caused by: java.lang.ClassNotFoundException: org.apache.log.format.Formatter
	at java.net.URLClassLoader$1.run(URLClassLoader.java:202)
	at java.security.AccessController.doPrivileged(Native Method)
	at java.net.URLClassLoader.findClass(URLClassLoader.java:190)
	at java.lang.ClassLoader.loadClass(ClassLoader.java:306)
	at sun.misc.Launcher$AppClassLoader.loadClass(Launcher.java:301)
	at java.lang.ClassLoader.loadClass(ClassLoader.java:247)
	... 42 more
2014-10-27 10:04:44,209 - Trying to use logger class org.apache.velocity.runtime.log.Log4JLogChute
2014-10-27 10:04:44,209 - Using logger class org.apache.velocity.runtime.log.Log4JLogChute
2014-10-27 10:04:44,211 - Default ResourceManager initializing. (class org.apache.velocity.runtime.resource.ResourceManagerImpl)
2014-10-27 10:04:44,215 - ResourceLoader instantiated: org.apache.velocity.runtime.resource.loader.FileResourceLoader
2014-10-27 10:04:44,216 - Do unicode file recognition:  false
2014-10-27 10:04:44,217 - FileResourceLoader : adding path '.'
2014-10-27 10:04:44,233 - ResourceCache: initialized (class org.apache.velocity.runtime.resource.ResourceCacheImpl)
2014-10-27 10:04:44,235 - Loaded System Directive: org.apache.velocity.runtime.directive.Literal
2014-10-27 10:04:44,236 - Loaded System Directive: org.apache.velocity.runtime.directive.Macro
2014-10-27 10:04:44,238 - Loaded System Directive: org.apache.velocity.runtime.directive.Parse
2014-10-27 10:04:44,239 - Loaded System Directive: org.apache.velocity.runtime.directive.Include
2014-10-27 10:04:44,240 - Loaded System Directive: org.apache.velocity.runtime.directive.Foreach
2014-10-27 10:04:44,270 - Created '20' parsers.
2014-10-27 10:04:44,275 - Velocimacro : "velocimacro.library" is not set.  Trying default library: VM_global_library.vm
2014-10-27 10:04:44,275 - Velocimacro : Default library not found.
2014-10-27 10:04:44,276 - Velocimacro : allowInline = true : VMs can be defined inline in templates
2014-10-27 10:04:44,276 - Velocimacro : allowInlineToOverride = false : VMs defined inline may NOT replace previous VM definitions
2014-10-27 10:04:44,276 - Velocimacro : allowInlineLocal = false : VMs defined inline will be global in scope if allowed.
2014-10-27 10:04:44,276 - Velocimacro : autoload off : VM system will not automatically reload global library macros
2014-10-27 10:05:59,285 - Log4JLogChute initialized using file 'velocity.log'
2014-10-27 10:05:59,285 - Velocity was not initialized! Calling init()...
2014-10-27 10:05:59,285 - Starting Apache Velocity v1.5 (compiled: 2007-02-22 08:52:29)
2014-10-27 10:05:59,286 - Default Properties File: org/apache/velocity/runtime/defaults/velocity.properties
2014-10-27 10:05:59,286 - Trying to use logger class org.apache.velocity.runtime.log.AvalonLogChute
2014-10-27 10:05:59,287 - Couldn't find class org.apache.velocity.runtime.log.AvalonLogChute or necessary supporting classes in classpath.
java.lang.NoClassDefFoundError: org/apache/log/format/Formatter
	at java.lang.Class.forName0(Native Method)
	at java.lang.Class.forName(Class.java:249)
	at org.apache.velocity.util.ClassUtils.getClass(ClassUtils.java:63)
	at org.apache.velocity.util.ClassUtils.getNewInstance(ClassUtils.java:95)
	at org.apache.velocity.runtime.log.LogManager.createLogChute(LogManager.java:147)
	at org.apache.velocity.runtime.log.LogManager.updateLog(LogManager.java:208)
	at org.apache.velocity.runtime.RuntimeInstance.initializeLog(RuntimeInstance.java:728)
	at org.apache.velocity.runtime.RuntimeInstance.init(RuntimeInstance.java:240)
	at org.apache.velocity.runtime.RuntimeInstance.parse(RuntimeInstance.java:993)
	at org.apache.velocity.runtime.RuntimeInstance.parse(RuntimeInstance.java:972)
	at org.apache.velocity.runtime.RuntimeSingleton.parse(RuntimeSingleton.java:265)
	at org.apache.velocity.app.Velocity.evaluate(Velocity.java:274)
	at org.sonatype.mavenbook.weather.WeatherFormatter.format(WeatherFormatter.java:23)
	at org.sonatype.mavenbook.weather.yahoo.WeatherFormatterTest.testFormat(WeatherFormatterTest.java:23)
	at sun.reflect.NativeMethodAccessorImpl.invoke0(Native Method)
	at sun.reflect.NativeMethodAccessorImpl.invoke(NativeMethodAccessorImpl.java:39)
	at sun.reflect.DelegatingMethodAccessorImpl.invoke(DelegatingMethodAccessorImpl.java:25)
	at java.lang.reflect.Method.invoke(Method.java:597)
	at junit.framework.TestCase.runTest(TestCase.java:154)
	at junit.framework.TestCase.runBare(TestCase.java:127)
	at junit.framework.TestResult$1.protect(TestResult.java:106)
	at junit.framework.TestResult.runProtected(TestResult.java:124)
	at junit.framework.TestResult.run(TestResult.java:109)
	at junit.framework.TestCase.run(TestCase.java:118)
	at junit.framework.TestSuite.runTest(TestSuite.java:208)
	at junit.framework.TestSuite.run(TestSuite.java:203)
	at sun.reflect.NativeMethodAccessorImpl.invoke0(Native Method)
	at sun.reflect.NativeMethodAccessorImpl.invoke(NativeMethodAccessorImpl.java:39)
	at sun.reflect.DelegatingMethodAccessorImpl.invoke(DelegatingMethodAccessorImpl.java:25)
	at java.lang.reflect.Method.invoke(Method.java:597)
	at org.apache.maven.surefire.junit.JUnitTestSet.execute(JUnitTestSet.java:95)
	at org.apache.maven.surefire.junit.JUnit3Provider.executeTestSet(JUnit3Provider.java:121)
	at org.apache.maven.surefire.junit.JUnit3Provider.invoke(JUnit3Provider.java:98)
	at sun.reflect.NativeMethodAccessorImpl.invoke0(Native Method)
	at sun.reflect.NativeMethodAccessorImpl.invoke(NativeMethodAccessorImpl.java:39)
	at sun.reflect.DelegatingMethodAccessorImpl.invoke(DelegatingMethodAccessorImpl.java:25)
	at java.lang.reflect.Method.invoke(Method.java:597)
	at org.apache.maven.surefire.util.ReflectionUtils.invokeMethodWithArray(ReflectionUtils.java:189)
	at org.apache.maven.surefire.booter.ProviderFactory$ProviderProxy.invoke(ProviderFactory.java:165)
	at org.apache.maven.surefire.booter.ProviderFactory.invokeProvider(ProviderFactory.java:85)
	at org.apache.maven.surefire.booter.ForkedBooter.runSuitesInProcess(ForkedBooter.java:115)
	at org.apache.maven.surefire.booter.ForkedBooter.main(ForkedBooter.java:75)
Caused by: java.lang.ClassNotFoundException: org.apache.log.format.Formatter
	at java.net.URLClassLoader$1.run(URLClassLoader.java:202)
	at java.security.AccessController.doPrivileged(Native Method)
	at java.net.URLClassLoader.findClass(URLClassLoader.java:190)
	at java.lang.ClassLoader.loadClass(ClassLoader.java:306)
	at sun.misc.Launcher$AppClassLoader.loadClass(Launcher.java:301)
	at java.lang.ClassLoader.loadClass(ClassLoader.java:247)
	... 42 more
2014-10-27 10:05:59,289 - Trying to use logger class org.apache.velocity.runtime.log.Log4JLogChute
2014-10-27 10:05:59,289 - Using logger class org.apache.velocity.runtime.log.Log4JLogChute
2014-10-27 10:05:59,292 - Default ResourceManager initializing. (class org.apache.velocity.runtime.resource.ResourceManagerImpl)
2014-10-27 10:05:59,295 - ResourceLoader instantiated: org.apache.velocity.runtime.resource.loader.FileResourceLoader
2014-10-27 10:05:59,296 - Do unicode file recognition:  false
2014-10-27 10:05:59,296 - FileResourceLoader : adding path '.'
2014-10-27 10:05:59,304 - ResourceCache: initialized (class org.apache.velocity.runtime.resource.ResourceCacheImpl)
2014-10-27 10:05:59,305 - Loaded System Directive: org.apache.velocity.runtime.directive.Literal
2014-10-27 10:05:59,307 - Loaded System Directive: org.apache.velocity.runtime.directive.Macro
2014-10-27 10:05:59,308 - Loaded System Directive: org.apache.velocity.runtime.directive.Parse
2014-10-27 10:05:59,309 - Loaded System Directive: org.apache.velocity.runtime.directive.Include
2014-10-27 10:05:59,309 - Loaded System Directive: org.apache.velocity.runtime.directive.Foreach
2014-10-27 10:05:59,331 - Created '20' parsers.
2014-10-27 10:05:59,337 - Velocimacro : "velocimacro.library" is not set.  Trying default library: VM_global_library.vm
2014-10-27 10:05:59,337 - Velocimacro : Default library not found.
2014-10-27 10:05:59,337 - Velocimacro : allowInline = true : VMs can be defined inline in templates
2014-10-27 10:05:59,337 - Velocimacro : allowInlineToOverride = false : VMs defined inline may NOT replace previous VM definitions
2014-10-27 10:05:59,337 - Velocimacro : allowInlineLocal = false : VMs defined inline will be global in scope if allowed.
2014-10-27 10:05:59,337 - Velocimacro : autoload off : VM system will not automatically reload global library macros
2014-10-29 12:24:17,390 - Log4JLogChute initialized using file 'velocity.log'
2014-10-29 12:24:17,390 - Velocity was not initialized! Calling init()...
2014-10-29 12:24:17,390 - Starting Apache Velocity v1.5 (compiled: 2007-02-22 08:52:29)
2014-10-29 12:24:17,390 - Default Properties File: org/apache/velocity/runtime/defaults/velocity.properties
2014-10-29 12:24:17,390 - Trying to use logger class org.apache.velocity.runtime.log.AvalonLogChute
2014-10-29 12:24:17,392 - Couldn't find class org.apache.velocity.runtime.log.AvalonLogChute or necessary supporting classes in classpath.
java.lang.NoClassDefFoundError: org/apache/log/format/Formatter
	at java.lang.Class.forName0(Native Method)
	at java.lang.Class.forName(Class.java:249)
	at org.apache.velocity.util.ClassUtils.getClass(ClassUtils.java:63)
	at org.apache.velocity.util.ClassUtils.getNewInstance(ClassUtils.java:95)
	at org.apache.velocity.runtime.log.LogManager.createLogChute(LogManager.java:147)
	at org.apache.velocity.runtime.log.LogManager.updateLog(LogManager.java:208)
	at org.apache.velocity.runtime.RuntimeInstance.initializeLog(RuntimeInstance.java:728)
	at org.apache.velocity.runtime.RuntimeInstance.init(RuntimeInstance.java:240)
	at org.apache.velocity.runtime.RuntimeInstance.parse(RuntimeInstance.java:993)
	at org.apache.velocity.runtime.RuntimeInstance.parse(RuntimeInstance.java:972)
	at org.apache.velocity.runtime.RuntimeSingleton.parse(RuntimeSingleton.java:265)
	at org.apache.velocity.app.Velocity.evaluate(Velocity.java:274)
	at org.sonatype.mavenbook.weather.WeatherFormatter.format(WeatherFormatter.java:23)
	at org.sonatype.mavenbook.weather.yahoo.WeatherFormatterTest.testFormat(WeatherFormatterTest.java:23)
	at sun.reflect.NativeMethodAccessorImpl.invoke0(Native Method)
	at sun.reflect.NativeMethodAccessorImpl.invoke(NativeMethodAccessorImpl.java:39)
	at sun.reflect.DelegatingMethodAccessorImpl.invoke(DelegatingMethodAccessorImpl.java:25)
	at java.lang.reflect.Method.invoke(Method.java:597)
	at junit.framework.TestCase.runTest(TestCase.java:154)
	at junit.framework.TestCase.runBare(TestCase.java:127)
	at junit.framework.TestResult$1.protect(TestResult.java:106)
	at junit.framework.TestResult.runProtected(TestResult.java:124)
	at junit.framework.TestResult.run(TestResult.java:109)
	at junit.framework.TestCase.run(TestCase.java:118)
	at junit.framework.TestSuite.runTest(TestSuite.java:208)
	at junit.framework.TestSuite.run(TestSuite.java:203)
	at sun.reflect.NativeMethodAccessorImpl.invoke0(Native Method)
	at sun.reflect.NativeMethodAccessorImpl.invoke(NativeMethodAccessorImpl.java:39)
	at sun.reflect.DelegatingMethodAccessorImpl.invoke(DelegatingMethodAccessorImpl.java:25)
	at java.lang.reflect.Method.invoke(Method.java:597)
	at org.apache.maven.surefire.junit.JUnitTestSet.execute(JUnitTestSet.java:95)
	at org.apache.maven.surefire.junit.JUnit3Provider.executeTestSet(JUnit3Provider.java:121)
	at org.apache.maven.surefire.junit.JUnit3Provider.invoke(JUnit3Provider.java:98)
	at sun.reflect.NativeMethodAccessorImpl.invoke0(Native Method)
	at sun.reflect.NativeMethodAccessorImpl.invoke(NativeMethodAccessorImpl.java:39)
	at sun.reflect.DelegatingMethodAccessorImpl.invoke(DelegatingMethodAccessorImpl.java:25)
	at java.lang.reflect.Method.invoke(Method.java:597)
	at org.apache.maven.surefire.util.ReflectionUtils.invokeMethodWithArray(ReflectionUtils.java:189)
	at org.apache.maven.surefire.booter.ProviderFactory$ProviderProxy.invoke(ProviderFactory.java:165)
	at org.apache.maven.surefire.booter.ProviderFactory.invokeProvider(ProviderFactory.java:85)
	at org.apache.maven.surefire.booter.ForkedBooter.runSuitesInProcess(ForkedBooter.java:115)
	at org.apache.maven.surefire.booter.ForkedBooter.main(ForkedBooter.java:75)
Caused by: java.lang.ClassNotFoundException: org.apache.log.format.Formatter
	at java.net.URLClassLoader$1.run(URLClassLoader.java:202)
	at java.security.AccessController.doPrivileged(Native Method)
	at java.net.URLClassLoader.findClass(URLClassLoader.java:190)
	at java.lang.ClassLoader.loadClass(ClassLoader.java:306)
	at sun.misc.Launcher$AppClassLoader.loadClass(Launcher.java:301)
	at java.lang.ClassLoader.loadClass(ClassLoader.java:247)
	... 42 more
2014-10-29 12:24:17,396 - Trying to use logger class org.apache.velocity.runtime.log.Log4JLogChute
2014-10-29 12:24:17,396 - Using logger class org.apache.velocity.runtime.log.Log4JLogChute
2014-10-29 12:24:17,398 - Default ResourceManager initializing. (class org.apache.velocity.runtime.resource.ResourceManagerImpl)
2014-10-29 12:24:17,401 - ResourceLoader instantiated: org.apache.velocity.runtime.resource.loader.FileResourceLoader
2014-10-29 12:24:17,403 - Do unicode file recognition:  false
2014-10-29 12:24:17,403 - FileResourceLoader : adding path '.'
2014-10-29 12:24:17,418 - ResourceCache: initialized (class org.apache.velocity.runtime.resource.ResourceCacheImpl)
2014-10-29 12:24:17,419 - Loaded System Directive: org.apache.velocity.runtime.directive.Literal
2014-10-29 12:24:17,421 - Loaded System Directive: org.apache.velocity.runtime.directive.Macro
2014-10-29 12:24:17,422 - Loaded System Directive: org.apache.velocity.runtime.directive.Parse
2014-10-29 12:24:17,423 - Loaded System Directive: org.apache.velocity.runtime.directive.Include
2014-10-29 12:24:17,424 - Loaded System Directive: org.apache.velocity.runtime.directive.Foreach
2014-10-29 12:24:17,452 - Created '20' parsers.
2014-10-29 12:24:17,458 - Velocimacro : "velocimacro.library" is not set.  Trying default library: VM_global_library.vm
2014-10-29 12:24:17,458 - Velocimacro : Default library not found.
2014-10-29 12:24:17,458 - Velocimacro : allowInline = true : VMs can be defined inline in templates
2014-10-29 12:24:17,458 - Velocimacro : allowInlineToOverride = false : VMs defined inline may NOT replace previous VM definitions
2014-10-29 12:24:17,458 - Velocimacro : allowInlineLocal = false : VMs defined inline will be global in scope if allowed.
2014-10-29 12:24:17,458 - Velocimacro : autoload off : VM system will not automatically reload global library macros
2014-10-29 12:24:28,588 - Log4JLogChute initialized using file 'velocity.log'
2014-10-29 12:24:28,589 - Velocity was not initialized! Calling init()...
2014-10-29 12:24:28,589 - Starting Apache Velocity v1.5 (compiled: 2007-02-22 08:52:29)
2014-10-29 12:24:28,589 - Default Properties File: org/apache/velocity/runtime/defaults/velocity.properties
2014-10-29 12:24:28,589 - Trying to use logger class org.apache.velocity.runtime.log.AvalonLogChute
2014-10-29 12:24:28,591 - Couldn't find class org.apache.velocity.runtime.log.AvalonLogChute or necessary supporting classes in classpath.
java.lang.NoClassDefFoundError: org/apache/log/format/Formatter
	at java.lang.Class.forName0(Native Method)
	at java.lang.Class.forName(Class.java:249)
	at org.apache.velocity.util.ClassUtils.getClass(ClassUtils.java:63)
	at org.apache.velocity.util.ClassUtils.getNewInstance(ClassUtils.java:95)
	at org.apache.velocity.runtime.log.LogManager.createLogChute(LogManager.java:147)
	at org.apache.velocity.runtime.log.LogManager.updateLog(LogManager.java:208)
	at org.apache.velocity.runtime.RuntimeInstance.initializeLog(RuntimeInstance.java:728)
	at org.apache.velocity.runtime.RuntimeInstance.init(RuntimeInstance.java:240)
	at org.apache.velocity.runtime.RuntimeInstance.parse(RuntimeInstance.java:993)
	at org.apache.velocity.runtime.RuntimeInstance.parse(RuntimeInstance.java:972)
	at org.apache.velocity.runtime.RuntimeSingleton.parse(RuntimeSingleton.java:265)
	at org.apache.velocity.app.Velocity.evaluate(Velocity.java:274)
	at org.sonatype.mavenbook.weather.WeatherFormatter.format(WeatherFormatter.java:23)
	at org.sonatype.mavenbook.weather.yahoo.WeatherFormatterTest.testFormat(WeatherFormatterTest.java:23)
	at sun.reflect.NativeMethodAccessorImpl.invoke0(Native Method)
	at sun.reflect.NativeMethodAccessorImpl.invoke(NativeMethodAccessorImpl.java:39)
	at sun.reflect.DelegatingMethodAccessorImpl.invoke(DelegatingMethodAccessorImpl.java:25)
	at java.lang.reflect.Method.invoke(Method.java:597)
	at junit.framework.TestCase.runTest(TestCase.java:154)
	at junit.framework.TestCase.runBare(TestCase.java:127)
	at junit.framework.TestResult$1.protect(TestResult.java:106)
	at junit.framework.TestResult.runProtected(TestResult.java:124)
	at junit.framework.TestResult.run(TestResult.java:109)
	at junit.framework.TestCase.run(TestCase.java:118)
	at junit.framework.TestSuite.runTest(TestSuite.java:208)
	at junit.framework.TestSuite.run(TestSuite.java:203)
	at sun.reflect.NativeMethodAccessorImpl.invoke0(Native Method)
	at sun.reflect.NativeMethodAccessorImpl.invoke(NativeMethodAccessorImpl.java:39)
	at sun.reflect.DelegatingMethodAccessorImpl.invoke(DelegatingMethodAccessorImpl.java:25)
	at java.lang.reflect.Method.invoke(Method.java:597)
	at org.apache.maven.surefire.junit.JUnitTestSet.execute(JUnitTestSet.java:95)
	at org.apache.maven.surefire.junit.JUnit3Provider.executeTestSet(JUnit3Provider.java:121)
	at org.apache.maven.surefire.junit.JUnit3Provider.invoke(JUnit3Provider.java:98)
	at sun.reflect.NativeMethodAccessorImpl.invoke0(Native Method)
	at sun.reflect.NativeMethodAccessorImpl.invoke(NativeMethodAccessorImpl.java:39)
	at sun.reflect.DelegatingMethodAccessorImpl.invoke(DelegatingMethodAccessorImpl.java:25)
	at java.lang.reflect.Method.invoke(Method.java:597)
	at org.apache.maven.surefire.util.ReflectionUtils.invokeMethodWithArray(ReflectionUtils.java:189)
	at org.apache.maven.surefire.booter.ProviderFactory$ProviderProxy.invoke(ProviderFactory.java:165)
	at org.apache.maven.surefire.booter.ProviderFactory.invokeProvider(ProviderFactory.java:85)
	at org.apache.maven.surefire.booter.ForkedBooter.runSuitesInProcess(ForkedBooter.java:115)
	at org.apache.maven.surefire.booter.ForkedBooter.main(ForkedBooter.java:75)
Caused by: java.lang.ClassNotFoundException: org.apache.log.format.Formatter
	at java.net.URLClassLoader$1.run(URLClassLoader.java:202)
	at java.security.AccessController.doPrivileged(Native Method)
	at java.net.URLClassLoader.findClass(URLClassLoader.java:190)
	at java.lang.ClassLoader.loadClass(ClassLoader.java:306)
	at sun.misc.Launcher$AppClassLoader.loadClass(Launcher.java:301)
	at java.lang.ClassLoader.loadClass(ClassLoader.java:247)
	... 42 more
2014-10-29 12:24:28,593 - Trying to use logger class org.apache.velocity.runtime.log.Log4JLogChute
2014-10-29 12:24:28,593 - Using logger class org.apache.velocity.runtime.log.Log4JLogChute
2014-10-29 12:24:28,596 - Default ResourceManager initializing. (class org.apache.velocity.runtime.resource.ResourceManagerImpl)
2014-10-29 12:24:28,599 - ResourceLoader instantiated: org.apache.velocity.runtime.resource.loader.FileResourceLoader
2014-10-29 12:24:28,601 - Do unicode file recognition:  false
2014-10-29 12:24:28,601 - FileResourceLoader : adding path '.'
2014-10-29 12:24:28,614 - ResourceCache: initialized (class org.apache.velocity.runtime.resource.ResourceCacheImpl)
2014-10-29 12:24:28,616 - Loaded System Directive: org.apache.velocity.runtime.directive.Literal
2014-10-29 12:24:28,617 - Loaded System Directive: org.apache.velocity.runtime.directive.Macro
2014-10-29 12:24:28,618 - Loaded System Directive: org.apache.velocity.runtime.directive.Parse
2014-10-29 12:24:28,620 - Loaded System Directive: org.apache.velocity.runtime.directive.Include
2014-10-29 12:24:28,622 - Loaded System Directive: org.apache.velocity.runtime.directive.Foreach
2014-10-29 12:24:28,645 - Created '20' parsers.
2014-10-29 12:24:28,650 - Velocimacro : "velocimacro.library" is not set.  Trying default library: VM_global_library.vm
2014-10-29 12:24:28,650 - Velocimacro : Default library not found.
2014-10-29 12:24:28,650 - Velocimacro : allowInline = true : VMs can be defined inline in templates
2014-10-29 12:24:28,650 - Velocimacro : allowInlineToOverride = false : VMs defined inline may NOT replace previous VM definitions
2014-10-29 12:24:28,650 - Velocimacro : allowInlineLocal = false : VMs defined inline will be global in scope if allowed.
2014-10-29 12:24:28,650 - Velocimacro : autoload off : VM system will not automatically reload global library macros
